{"env":"development","error":"sendMessage is not defined","level":"error","message":"Payment failed","retryCount":0,"service":"payment-service","timestamp":"2026-04-18T00:06:39.212Z"}
{"env":"development","level":"error","message":"Consumer error sendMessage is not defined","service":"payment-service","stack":"ReferenceError: sendMessage is not defined\n    at handlePayment (/Users/poonampawar/Desktop/2026 project/microservices/payment-service/src/consumers/payment.consumer.js:41:7)\n    at process.processTicksAndRejections (node:internal/process/task_queues:105:5)\n    at async Runner.eachMessage (/Users/poonampawar/Desktop/2026 project/microservices/common/kafkaConsumer.js:21:9)\n    at async Runner.processEachMessage (/Users/poonampawar/Desktop/2026 project/microservices/common/node_modules/kafkajs/src/consumer/runner.js:231:9)\n    at async onBatch (/Users/poonampawar/Desktop/2026 project/microservices/common/node_modules/kafkajs/src/consumer/runner.js:447:9)\n    at async Runner.handleBatch (/Users/poonampawar/Desktop/2026 project/microservices/common/node_modules/kafkajs/src/consumer/runner.js:461:5)\n    at async /Users/poonampawar/Desktop/2026 project/microservices/common/node_modules/kafkajs/src/consumer/worker.js:29:9","timestamp":"2026-04-18T00:06:39.216Z"}
{"env":"development","error":"sendMessage is not defined","level":"error","message":"Payment failed","retryCount":0,"service":"payment-service","timestamp":"2026-04-18T00:06:41.661Z"}
{"env":"development","level":"error","message":"Consumer error sendMessage is not defined","service":"payment-service","stack":"ReferenceError: sendMessage is not defined\n    at handlePayment (/Users/poonampawar/Desktop/2026 project/microservices/payment-service/src/consumers/payment.consumer.js:41:7)\n    at process.processTicksAndRejections (node:internal/process/task_queues:105:5)\n    at async Runner.eachMessage (/Users/poonampawar/Desktop/2026 project/microservices/common/kafkaConsumer.js:21:9)\n    at async Runner.processEachMessage (/Users/poonampawar/Desktop/2026 project/microservices/common/node_modules/kafkajs/src/consumer/runner.js:231:9)\n    at async onBatch (/Users/poonampawar/Desktop/2026 project/microservices/common/node_modules/kafkajs/src/consumer/runner.js:447:9)\n    at async Runner.handleBatch (/Users/poonampawar/Desktop/2026 project/microservices/common/node_modules/kafkajs/src/consumer/runner.js:461:5)\n    at async /Users/poonampawar/Desktop/2026 project/microservices/common/node_modules/kafkajs/src/consumer/worker.js:29:9","timestamp":"2026-04-18T00:06:41.662Z"}
{"env":"development","error":"Payment failed","level":"error","message":"Payment failed","retryCount":0,"service":"payment-service","timestamp":"2026-04-18T00:06:43.103Z"}
{"env":"development","level":"error","message":"Consumer error sendMessage is not defined","service":"payment-service","stack":"ReferenceError: sendMessage is not defined\n    at handlePayment (/Users/poonampawar/Desktop/2026 project/microservices/payment-service/src/consumers/payment.consumer.js:41:7)\n    at process.processTicksAndRejections (node:internal/process/task_queues:105:5)\n    at async Runner.eachMessage (/Users/poonampawar/Desktop/2026 project/microservices/common/kafkaConsumer.js:21:9)\n    at async Runner.processEachMessage (/Users/poonampawar/Desktop/2026 project/microservices/common/node_modules/kafkajs/src/consumer/runner.js:231:9)\n    at async onBatch (/Users/poonampawar/Desktop/2026 project/microservices/common/node_modules/kafkajs/src/consumer/runner.js:447:9)\n    at async Runner.handleBatch (/Users/poonampawar/Desktop/2026 project/microservices/common/node_modules/kafkajs/src/consumer/runner.js:461:5)\n    at async /Users/poonampawar/Desktop/2026 project/microservices/common/node_modules/kafkajs/src/consumer/worker.js:29:9","timestamp":"2026-04-18T00:06:43.104Z"}
{"env":"development","error":"Payment failed","level":"error","message":"Payment failed","retryCount":0,"service":"payment-service","timestamp":"2026-04-18T00:09:13.342Z"}
{"env":"development","error":"sendMessage is not defined","level":"error","message":"Payment failed","retryCount":0,"service":"payment-service","timestamp":"2026-04-18T00:09:13.365Z"}
{"env":"development","error":"Payment failed","level":"error","message":"Payment failed","retryCount":0,"service":"payment-service","timestamp":"2026-04-18T00:09:13.370Z"}
{"env":"development","error":"Payment failed","level":"error","message":"Payment failed","retryCount":1,"service":"payment-service","timestamp":"2026-04-18T00:09:16.377Z"}
{"env":"development","error":"sendMessage is not defined","level":"error","message":"Payment failed","retryCount":1,"service":"payment-service","timestamp":"2026-04-18T00:09:16.386Z"}
{"env":"development","error":"sendMessage is not defined","level":"error","message":"Payment failed","retryCount":1,"service":"payment-service","timestamp":"2026-04-18T00:09:16.395Z"}
{"env":"development","error":"Payment failed","level":"error","message":"Payment failed","retryCount":2,"service":"payment-service","timestamp":"2026-04-18T00:09:16.411Z"}
{"env":"development","error":"sendMessage is not defined","level":"error","message":"Payment failed","retryCount":2,"service":"payment-service","timestamp":"2026-04-18T00:09:16.415Z"}
{"env":"development","error":"sendMessage is not defined","level":"error","message":"Payment failed","retryCount":2,"service":"payment-service","timestamp":"2026-04-18T00:09:16.425Z"}
{"env":"development","error":"Payment failed","level":"error","message":"Payment failed","retryCount":3,"service":"payment-service","timestamp":"2026-04-18T00:09:16.435Z"}
{"amount":3300,"email":"svpsatish5@gmail.com","env":"development","eventId":"f603feba-d58c-4e42-af59-99a820315893","level":"error","message":"Moved to DLQ","orderId":1,"retryCount":3,"service":"payment-service","status":"PENDING","timestamp":"2026-04-18T00:09:16.442Z","userId":1}
{"env":"development","error":"sendMessage is not defined","level":"error","message":"Payment failed","retryCount":3,"service":"payment-service","timestamp":"2026-04-18T00:09:16.445Z"}
{"amount":3300,"email":"svpsatish5@gmail.com","env":"development","eventId":"1840c732-a4b5-42d6-be54-7b52cc2b5a67","level":"error","message":"Moved to DLQ","orderId":2,"retryCount":3,"service":"payment-service","status":"PENDING","timestamp":"2026-04-18T00:09:16.449Z","userId":1}
{"env":"development","error":"Payment failed","level":"error","message":"Payment failed","retryCount":3,"service":"payment-service","timestamp":"2026-04-18T00:09:16.449Z"}
{"amount":3300,"email":"svpsatish5@gmail.com","env":"development","eventId":"68490f75-c1de-4e5a-91e2-7f794f1100b0","level":"error","message":"Moved to DLQ","orderId":3,"retryCount":3,"service":"payment-service","status":"PENDING","timestamp":"2026-04-18T00:09:16.452Z","userId":1}
{"env":"development","error":"sendMessage is not defined","level":"error","message":"Payment failed","retryCount":0,"service":"payment-service","timestamp":"2026-04-18T00:10:11.841Z"}
{"env":"development","error":"sendMessage is not defined","level":"error","message":"Payment failed","retryCount":1,"service":"payment-service","timestamp":"2026-04-18T00:10:11.848Z"}
{"env":"development","error":"sendMessage is not defined","level":"error","message":"Payment failed","retryCount":2,"service":"payment-service","timestamp":"2026-04-18T00:10:11.861Z"}
{"env":"development","error":"sendMessage is not defined","level":"error","message":"Payment failed","retryCount":3,"service":"payment-service","timestamp":"2026-04-18T00:10:11.866Z"}
{"amount":3300,"email":"svpsatish5@gmail.com","env":"development","eventId":"9b6696fa-5823-43ca-8a8d-9280fa97e830","level":"error","message":"Moved to DLQ","orderId":4,"retryCount":3,"service":"payment-service","status":"PENDING","timestamp":"2026-04-18T00:10:11.870Z","userId":1}
{"env":"development","error":"Payment failed","level":"error","message":"Payment failed","retryCount":0,"service":"payment-service","timestamp":"2026-04-18T00:10:13.430Z"}
{"env":"development","error":"Payment failed","level":"error","message":"Payment failed","retryCount":1,"service":"payment-service","timestamp":"2026-04-18T00:10:13.433Z"}
{"env":"development","error":"Payment failed","level":"error","message":"Payment failed","retryCount":2,"service":"payment-service","timestamp":"2026-04-18T00:10:13.441Z"}
{"env":"development","error":"Payment failed","level":"error","message":"Payment failed","retryCount":3,"service":"payment-service","timestamp":"2026-04-18T00:10:13.447Z"}
{"amount":3300,"email":"svpsatish5@gmail.com","env":"development","eventId":"3b963cf5-4aae-41ca-a3ff-adc8dd74c164","level":"error","message":"Moved to DLQ","orderId":5,"retryCount":3,"service":"payment-service","status":"PENDING","timestamp":"2026-04-18T00:10:13.448Z","userId":1}
{"env":"development","error":"Payment failed","level":"error","message":"Payment failed","retryCount":0,"service":"payment-service","timestamp":"2026-04-18T00:10:13.719Z"}
{"env":"development","error":"Payment failed","level":"error","message":"Payment failed","retryCount":1,"service":"payment-service","timestamp":"2026-04-18T00:10:13.721Z"}
{"env":"development","error":"Payment failed","level":"error","message":"Payment failed","retryCount":2,"service":"payment-service","timestamp":"2026-04-18T00:10:13.725Z"}
{"env":"development","error":"sendMessage is not defined","level":"error","message":"Payment failed","retryCount":3,"service":"payment-service","timestamp":"2026-04-18T00:10:13.730Z"}
{"amount":3300,"email":"svpsatish5@gmail.com","env":"development","eventId":"cb33e525-4b2d-46d5-bab1-20b98031619f","level":"error","message":"Moved to DLQ","orderId":6,"retryCount":3,"service":"payment-service","status":"PENDING","timestamp":"2026-04-18T00:10:13.732Z","userId":1}
{"env":"development","error":"Payment failed","level":"error","message":"Payment failed","retryCount":0,"service":"payment-service","timestamp":"2026-04-18T00:10:14.214Z"}
{"env":"development","error":"sendMessage is not defined","level":"error","message":"Payment failed","retryCount":1,"service":"payment-service","timestamp":"2026-04-18T00:10:14.216Z"}
{"env":"development","error":"Payment failed","level":"error","message":"Payment failed","retryCount":2,"service":"payment-service","timestamp":"2026-04-18T00:10:14.220Z"}
{"env":"development","error":"sendMessage is not defined","level":"error","message":"Payment failed","retryCount":3,"service":"payment-service","timestamp":"2026-04-18T00:10:14.231Z"}
{"amount":3300,"email":"svpsatish5@gmail.com","env":"development","eventId":"51558191-5d54-42ec-aa0e-a42e268cd267","level":"error","message":"Moved to DLQ","orderId":7,"retryCount":3,"service":"payment-service","status":"PENDING","timestamp":"2026-04-18T00:10:14.234Z","userId":1}
{"env":"development","error":"sendMessage is not defined","level":"error","message":"Payment failed","retryCount":0,"service":"payment-service","timestamp":"2026-04-18T00:10:17.575Z"}
{"env":"development","error":"Payment failed","level":"error","message":"Payment failed","retryCount":1,"service":"payment-service","timestamp":"2026-04-18T00:10:17.582Z"}
{"env":"development","error":"sendMessage is not defined","level":"error","message":"Payment failed","retryCount":2,"service":"payment-service","timestamp":"2026-04-18T00:10:17.591Z"}
{"env":"development","error":"Payment failed","level":"error","message":"Payment failed","retryCount":3,"service":"payment-service","timestamp":"2026-04-18T00:10:17.595Z"}
{"amount":3300,"email":"svpsatish5@gmail.com","env":"development","eventId":"ae03d670-c3a0-4dca-a6dc-ec4c2616bdc6","level":"error","message":"Moved to DLQ","orderId":8,"retryCount":3,"service":"payment-service","status":"PENDING","timestamp":"2026-04-18T00:10:17.596Z","userId":1}
{"env":"development","error":"sendMessage is not defined","level":"error","message":"Payment failed","retryCount":0,"service":"payment-service","timestamp":"2026-04-18T00:11:37.713Z"}
{"env":"development","error":"Payment failed","level":"error","message":"Payment failed","retryCount":0,"service":"payment-service","timestamp":"2026-04-18T00:11:37.740Z"}
{"env":"development","error":"sendMessage is not defined","level":"error","message":"Payment failed","retryCount":0,"service":"payment-service","timestamp":"2026-04-18T00:11:37.743Z"}
{"env":"development","error":"Payment failed","level":"error","message":"Payment failed","retryCount":0,"service":"payment-service","timestamp":"2026-04-18T00:11:37.748Z"}
{"env":"development","error":"Payment failed","level":"error","message":"Payment failed","retryCount":1,"service":"payment-service","timestamp":"2026-04-18T00:11:40.777Z"}
{"env":"development","error":"Payment failed","level":"error","message":"Payment failed","retryCount":1,"service":"payment-service","timestamp":"2026-04-18T00:11:40.790Z"}
{"env":"development","error":"sendMessage is not defined","level":"error","message":"Payment failed","retryCount":1,"service":"payment-service","timestamp":"2026-04-18T00:11:40.795Z"}
{"env":"development","error":"Payment failed","level":"error","message":"Payment failed","retryCount":1,"service":"payment-service","timestamp":"2026-04-18T00:11:40.806Z"}
{"env":"development","error":"Payment failed","level":"error","message":"Payment failed","retryCount":2,"service":"payment-service","timestamp":"2026-04-18T00:11:40.813Z"}
{"env":"development","error":"sendMessage is not defined","level":"error","message":"Payment failed","retryCount":2,"service":"payment-service","timestamp":"2026-04-18T00:11:40.822Z"}
{"env":"development","error":"Payment failed","level":"error","message":"Payment failed","retryCount":2,"service":"payment-service","timestamp":"2026-04-18T00:11:40.827Z"}
{"env":"development","error":"sendMessage is not defined","level":"error","message":"Payment failed","retryCount":2,"service":"payment-service","timestamp":"2026-04-18T00:11:40.829Z"}
{"env":"development","error":"Payment failed","level":"error","message":"Payment failed","retryCount":3,"service":"payment-service","timestamp":"2026-04-18T00:11:40.836Z"}
{"amount":3300,"email":"svpsatish5@gmail.com","env":"development","eventId":"edfcf5d0-77c1-4403-826f-8d42aff4949c","level":"error","message":"Moved to DLQ","orderId":11,"retryCount":3,"service":"payment-service","status":"PENDING","timestamp":"2026-04-18T00:11:40.840Z","userId":1}
{"env":"development","error":"Payment failed","level":"error","message":"Payment failed","retryCount":3,"service":"payment-service","timestamp":"2026-04-18T00:11:40.845Z"}
{"amount":3300,"email":"svpsatish5@gmail.com","env":"development","eventId":"28a499c9-4ec2-4ed4-abf4-e7898ac4bca6","level":"error","message":"Moved to DLQ","orderId":9,"retryCount":3,"service":"payment-service","status":"PENDING","timestamp":"2026-04-18T00:11:40.848Z","userId":1}
{"env":"development","error":"Payment failed","level":"error","message":"Payment failed","retryCount":3,"service":"payment-service","timestamp":"2026-04-18T00:11:40.850Z"}
{"amount":3300,"email":"svpsatish5@gmail.com","env":"development","eventId":"519d4dc5-1881-46a2-9659-16d19723199e","level":"error","message":"Moved to DLQ","orderId":10,"retryCount":3,"service":"payment-service","status":"PENDING","timestamp":"2026-04-18T00:11:40.852Z","userId":1}
{"env":"development","error":"sendMessage is not defined","level":"error","message":"Payment failed","retryCount":3,"service":"payment-service","timestamp":"2026-04-18T00:11:40.853Z"}
{"amount":3300,"email":"svpsatish5@gmail.com","env":"development","eventId":"d08f84a9-fca2-4a32-9bd0-9e62a1dfa612","level":"error","message":"Moved to DLQ","orderId":12,"retryCount":3,"service":"payment-service","status":"PENDING","timestamp":"2026-04-18T00:11:40.855Z","userId":1}
{"env":"development","error":"Payment failed","level":"error","message":"Payment failed","retryCount":0,"service":"payment-service","timestamp":"2026-04-18T00:16:06.274Z"}
{"env":"development","error":"Payment failed","level":"error","message":"Payment failed","retryCount":1,"service":"payment-service","timestamp":"2026-04-18T00:16:06.281Z"}
{"env":"development","error":"Payment failed","level":"error","message":"Payment failed","retryCount":2,"service":"payment-service","timestamp":"2026-04-18T00:16:06.288Z"}
{"env":"development","error":"Payment failed","level":"error","message":"Payment failed","retryCount":3,"service":"payment-service","timestamp":"2026-04-18T00:16:06.291Z"}
{"amount":3300,"email":"svpsatish5@gmail.com","env":"development","eventId":"4944f444-c4d6-4c3e-95b1-edad2796d5b0","level":"error","message":"Moved to DLQ","orderId":14,"retryCount":3,"service":"payment-service","status":"PENDING","timestamp":"2026-04-18T00:16:06.294Z","userId":1}
{"env":"development","error":"Payment failed","level":"error","message":"Payment failed","retryCount":0,"service":"payment-service","timestamp":"2026-04-18T00:16:40.991Z"}
{"env":"development","error":"Payment failed","level":"error","message":"Payment failed","retryCount":1,"service":"payment-service","timestamp":"2026-04-18T00:16:40.998Z"}
{"env":"development","error":"Payment failed","level":"error","message":"Payment failed","retryCount":2,"service":"payment-service","timestamp":"2026-04-18T00:16:41.007Z"}
{"env":"development","error":"Payment failed","level":"error","message":"Payment failed","retryCount":0,"service":"payment-service","timestamp":"2026-04-18T00:16:42.131Z"}
{"env":"development","error":"Payment failed","level":"error","message":"Payment failed","retryCount":1,"service":"payment-service","timestamp":"2026-04-18T00:16:42.135Z"}
{"env":"development","error":"Payment failed","level":"error","message":"Payment failed","retryCount":0,"service":"payment-service","timestamp":"2026-04-18T00:16:42.947Z"}
{"env":"development","error":"Payment failed","level":"error","message":"Payment failed","retryCount":0,"service":"payment-service","timestamp":"2026-04-18T00:16:44.322Z"}
{"env":"development","error":"Payment failed","level":"error","message":"Payment failed","retryCount":0,"service":"payment-service","timestamp":"2026-04-18T00:20:03.787Z"}
{"env":"development","error":"Payment failed","level":"error","message":"Payment failed","retryCount":0,"service":"payment-service","timestamp":"2026-04-18T00:20:03.841Z"}
{"env":"development","error":"Payment failed","level":"error","message":"Payment failed","retryCount":0,"service":"payment-service","timestamp":"2026-04-18T00:20:03.865Z"}
{"env":"development","error":"Payment failed","level":"error","message":"Payment failed","retryCount":1,"service":"payment-service","timestamp":"2026-04-18T00:20:03.868Z"}
{"env":"development","error":"Payment failed","level":"error","message":"Payment failed","retryCount":0,"service":"payment-service","timestamp":"2026-04-18T00:20:03.884Z"}
{"env":"development","error":"Payment failed","level":"error","message":"Payment failed","retryCount":1,"service":"payment-service","timestamp":"2026-04-18T00:20:03.888Z"}
{"env":"development","error":"Payment failed","level":"error","message":"Payment failed","retryCount":2,"service":"payment-service","timestamp":"2026-04-18T00:20:03.894Z"}
{"env":"development","error":"Payment failed","level":"error","message":"Payment failed","retryCount":0,"service":"payment-service","timestamp":"2026-04-18T00:20:03.933Z"}
{"env":"development","error":"Payment failed","level":"error","message":"Payment failed","retryCount":1,"service":"payment-service","timestamp":"2026-04-18T00:20:03.935Z"}
{"env":"development","error":"Payment failed","level":"error","message":"Payment failed","retryCount":2,"service":"payment-service","timestamp":"2026-04-18T00:20:03.943Z"}
{"env":"development","error":"Payment failed","level":"error","message":"Payment failed","retryCount":0,"service":"payment-service","timestamp":"2026-04-18T00:20:03.971Z"}
{"env":"development","error":"Payment failed","level":"error","message":"Payment failed","retryCount":1,"service":"payment-service","timestamp":"2026-04-18T00:20:03.973Z"}
{"env":"development","error":"Payment failed","level":"error","message":"Payment failed","retryCount":2,"service":"payment-service","timestamp":"2026-04-18T00:20:03.976Z"}
{"env":"development","error":"Payment failed","level":"error","message":"Payment failed","retryCount":3,"service":"payment-service","timestamp":"2026-04-18T00:20:03.982Z"}
{"amount":3300,"email":"svpsatish5@gmail.com","env":"development","eventId":"91a4a1ae-1788-4fc8-bebf-8ed525b10a05","level":"error","message":"Moved to DLQ","orderId":17,"retryCount":3,"service":"payment-service","status":"PENDING","timestamp":"2026-04-18T00:20:03.984Z","userId":1}
{"env":"development","error":"Payment failed","level":"error","message":"Payment failed","retryCount":0,"service":"payment-service","timestamp":"2026-04-18T00:20:03.991Z"}
{"env":"development","error":"Payment failed","level":"error","message":"Payment failed","retryCount":1,"service":"payment-service","timestamp":"2026-04-18T00:20:03.993Z"}
{"env":"development","error":"Payment failed","level":"error","message":"Payment failed","retryCount":0,"service":"payment-service","timestamp":"2026-04-18T00:20:04.007Z"}
{"env":"development","error":"Payment failed","level":"error","message":"Payment failed","retryCount":0,"service":"payment-service","timestamp":"2026-04-18T00:20:04.090Z"}
{"env":"development","error":"Payment failed","level":"error","message":"Payment failed","retryCount":0,"service":"payment-service","timestamp":"2026-04-18T00:20:04.113Z"}
{"env":"development","error":"Payment failed","level":"error","message":"Payment failed","retryCount":1,"service":"payment-service","timestamp":"2026-04-18T00:20:04.117Z"}
{"env":"development","error":"Payment failed","level":"error","message":"Payment failed","retryCount":0,"service":"payment-service","timestamp":"2026-04-18T00:20:04.142Z"}
{"env":"development","error":"Payment failed","level":"error","message":"Payment failed","retryCount":1,"service":"payment-service","timestamp":"2026-04-18T00:20:04.145Z"}
{"env":"development","error":"Payment failed","level":"error","message":"Payment failed","retryCount":2,"service":"payment-service","timestamp":"2026-04-18T00:20:04.150Z"}
{"env":"development","error":"Payment failed","level":"error","message":"Payment failed","retryCount":0,"service":"payment-service","timestamp":"2026-04-18T00:20:04.281Z"}
{"env":"development","error":"Payment failed","level":"error","message":"Payment failed","retryCount":1,"service":"payment-service","timestamp":"2026-04-18T00:20:04.283Z"}
{"env":"development","error":"Payment failed","level":"error","message":"Payment failed","retryCount":2,"service":"payment-service","timestamp":"2026-04-18T00:20:04.287Z"}
{"env":"development","error":"Payment failed","level":"error","message":"Payment failed","retryCount":0,"service":"payment-service","timestamp":"2026-04-18T00:20:04.300Z"}
{"env":"development","error":"Payment failed","level":"error","message":"Payment failed","retryCount":1,"service":"payment-service","timestamp":"2026-04-18T00:20:04.302Z"}
{"env":"development","error":"Payment failed","level":"error","message":"Payment failed","retryCount":2,"service":"payment-service","timestamp":"2026-04-18T00:20:04.306Z"}
{"env":"development","error":"Payment failed","level":"error","message":"Payment failed","retryCount":3,"service":"payment-service","timestamp":"2026-04-18T00:20:04.311Z"}
{"amount":3300,"email":"svpsatish5@gmail.com","env":"development","eventId":"76b5f179-5702-4970-b6e9-995723786e09","level":"error","message":"Moved to DLQ","orderId":34,"retryCount":3,"service":"payment-service","status":"PENDING","timestamp":"2026-04-18T00:20:04.313Z","userId":1}
{"env":"development","error":"Payment failed","level":"error","message":"Payment failed","retryCount":0,"service":"payment-service","timestamp":"2026-04-18T00:20:04.351Z"}
{"env":"development","error":"Payment failed","level":"error","message":"Payment failed","retryCount":0,"service":"payment-service","timestamp":"2026-04-18T00:20:04.369Z"}
{"env":"development","error":"Payment failed","level":"error","message":"Payment failed","retryCount":0,"service":"payment-service","timestamp":"2026-04-18T00:20:04.386Z"}
{"env":"development","error":"Payment failed","level":"error","message":"Payment failed","retryCount":0,"service":"payment-service","timestamp":"2026-04-18T00:20:04.437Z"}
{"env":"development","error":"Payment failed","level":"error","message":"Payment failed","retryCount":0,"service":"payment-service","timestamp":"2026-04-18T00:20:04.453Z"}
{"env":"development","error":"Payment failed","level":"error","message":"Payment failed","retryCount":1,"service":"payment-service","timestamp":"2026-04-18T00:20:04.456Z"}
{"env":"development","error":"Payment failed","level":"error","message":"Payment failed","retryCount":2,"service":"payment-service","timestamp":"2026-04-18T00:20:04.462Z"}
{"env":"development","error":"Payment failed","level":"error","message":"Payment failed","retryCount":0,"service":"payment-service","timestamp":"2026-04-18T00:20:04.518Z"}
{"env":"development","error":"Payment failed","level":"error","message":"Payment failed","retryCount":1,"service":"payment-service","timestamp":"2026-04-18T00:20:04.521Z"}
{"env":"development","error":"Payment failed","level":"error","message":"Payment failed","retryCount":0,"service":"payment-service","timestamp":"2026-04-18T00:20:04.582Z"}
{"env":"development","error":"Payment failed","level":"error","message":"Payment failed","retryCount":0,"service":"payment-service","timestamp":"2026-04-18T00:20:04.617Z"}
{"env":"development","error":"Payment failed","level":"error","message":"Payment failed","retryCount":1,"service":"payment-service","timestamp":"2026-04-18T00:20:04.620Z"}
{"env":"development","error":"Payment failed","level":"error","message":"Payment failed","retryCount":2,"service":"payment-service","timestamp":"2026-04-18T00:20:04.624Z"}
{"env":"development","error":"Payment failed","level":"error","message":"Payment failed","retryCount":0,"service":"payment-service","timestamp":"2026-04-18T00:20:04.703Z"}
{"env":"development","error":"Payment failed","level":"error","message":"Payment failed","retryCount":1,"service":"payment-service","timestamp":"2026-04-18T00:20:04.706Z"}
{"env":"development","error":"Payment failed","level":"error","message":"Payment failed","retryCount":0,"service":"payment-service","timestamp":"2026-04-18T00:20:04.723Z"}
{"env":"development","error":"Payment failed","level":"error","message":"Payment failed","retryCount":1,"service":"payment-service","timestamp":"2026-04-18T00:20:04.726Z"}
{"env":"development","error":"Payment failed","level":"error","message":"Payment failed","retryCount":0,"service":"payment-service","timestamp":"2026-04-18T00:20:04.741Z"}
{"env":"development","error":"Payment failed","level":"error","message":"Payment failed","retryCount":0,"service":"payment-service","timestamp":"2026-04-18T00:20:04.785Z"}
{"env":"development","error":"Payment failed","level":"error","message":"Payment failed","retryCount":1,"service":"payment-service","timestamp":"2026-04-18T00:20:04.787Z"}
{"env":"development","error":"Payment failed","level":"error","message":"Payment failed","retryCount":2,"service":"payment-service","timestamp":"2026-04-18T00:20:04.793Z"}
{"env":"development","error":"Payment failed","level":"error","message":"Payment failed","retryCount":0,"service":"payment-service","timestamp":"2026-04-18T00:20:04.806Z"}
{"env":"development","error":"Payment failed","level":"error","message":"Payment failed","retryCount":0,"service":"payment-service","timestamp":"2026-04-18T00:20:04.828Z"}
{"env":"development","error":"Payment failed","level":"error","message":"Payment failed","retryCount":0,"service":"payment-service","timestamp":"2026-04-18T00:20:04.867Z"}
{"env":"development","error":"Payment failed","level":"error","message":"Payment failed","retryCount":1,"service":"payment-service","timestamp":"2026-04-18T00:20:04.870Z"}
{"env":"development","error":"Payment failed","level":"error","message":"Payment failed","retryCount":2,"service":"payment-service","timestamp":"2026-04-18T00:20:04.874Z"}
{"env":"development","error":"Payment failed","level":"error","message":"Payment failed","retryCount":0,"service":"payment-service","timestamp":"2026-04-18T00:20:04.937Z"}
{"env":"development","error":"Payment failed","level":"error","message":"Payment failed","retryCount":1,"service":"payment-service","timestamp":"2026-04-18T00:20:04.939Z"}
{"env":"development","error":"Payment failed","level":"error","message":"Payment failed","retryCount":0,"service":"payment-service","timestamp":"2026-04-18T00:20:04.952Z"}
{"env":"development","error":"Payment failed","level":"error","message":"Payment failed","retryCount":1,"service":"payment-service","timestamp":"2026-04-18T00:20:04.954Z"}
{"env":"development","error":"Payment failed","level":"error","message":"Payment failed","retryCount":2,"service":"payment-service","timestamp":"2026-04-18T00:20:04.957Z"}
{"env":"development","error":"Payment failed","level":"error","message":"Payment failed","retryCount":3,"service":"payment-service","timestamp":"2026-04-18T00:20:04.959Z"}
{"amount":3300,"email":"svpsatish5@gmail.com","env":"development","eventId":"dd656bde-3dff-40a4-907c-dbd471c2b0ae","level":"error","message":"Moved to DLQ","orderId":71,"retryCount":3,"service":"payment-service","status":"PENDING","timestamp":"2026-04-18T00:20:04.960Z","userId":1}
{"env":"development","error":"Payment failed","level":"error","message":"Payment failed","retryCount":0,"service":"payment-service","timestamp":"2026-04-18T00:20:04.968Z"}
{"env":"development","error":"Payment failed","level":"error","message":"Payment failed","retryCount":1,"service":"payment-service","timestamp":"2026-04-18T00:20:04.970Z"}
{"env":"development","error":"Payment failed","level":"error","message":"Payment failed","retryCount":2,"service":"payment-service","timestamp":"2026-04-18T00:20:04.973Z"}
{"env":"development","error":"Payment failed","level":"error","message":"Payment failed","retryCount":3,"service":"payment-service","timestamp":"2026-04-18T00:20:04.976Z"}
{"amount":3300,"email":"svpsatish5@gmail.com","env":"development","eventId":"7c70e28e-3202-44b1-aa03-7ea6af9be569","level":"error","message":"Moved to DLQ","orderId":72,"retryCount":3,"service":"payment-service","status":"PENDING","timestamp":"2026-04-18T00:20:04.978Z","userId":1}
{"env":"development","error":"Payment failed","level":"error","message":"Payment failed","retryCount":0,"service":"payment-service","timestamp":"2026-04-18T00:20:05.047Z"}
{"env":"development","error":"Payment failed","level":"error","message":"Payment failed","retryCount":0,"service":"payment-service","timestamp":"2026-04-18T00:20:05.064Z"}
{"env":"development","error":"Payment failed","level":"error","message":"Payment failed","retryCount":0,"service":"payment-service","timestamp":"2026-04-18T00:20:05.078Z"}
{"env":"development","error":"Payment failed","level":"error","message":"Payment failed","retryCount":0,"service":"payment-service","timestamp":"2026-04-18T00:20:05.100Z"}
{"env":"development","error":"Payment failed","level":"error","message":"Payment failed","retryCount":1,"service":"payment-service","timestamp":"2026-04-18T00:20:05.102Z"}
{"env":"development","error":"Payment failed","level":"error","message":"Payment failed","retryCount":0,"service":"payment-service","timestamp":"2026-04-18T00:20:05.119Z"}
{"env":"development","error":"Payment failed","level":"error","message":"Payment failed","retryCount":1,"service":"payment-service","timestamp":"2026-04-18T00:20:05.123Z"}
{"env":"development","error":"Payment failed","level":"error","message":"Payment failed","retryCount":2,"service":"payment-service","timestamp":"2026-04-18T00:20:05.126Z"}
{"env":"development","error":"Payment failed","level":"error","message":"Payment failed","retryCount":3,"service":"payment-service","timestamp":"2026-04-18T00:20:05.130Z"}
{"amount":3300,"email":"svpsatish5@gmail.com","env":"development","eventId":"77aca78a-901f-4b8a-88ea-b60eb9264136","level":"error","message":"Moved to DLQ","orderId":81,"retryCount":3,"service":"payment-service","status":"PENDING","timestamp":"2026-04-18T00:20:05.132Z","userId":1}
{"env":"development","error":"Payment failed","level":"error","message":"Payment failed","retryCount":0,"service":"payment-service","timestamp":"2026-04-18T00:20:05.197Z"}
{"env":"development","error":"Payment failed","level":"error","message":"Payment failed","retryCount":1,"service":"payment-service","timestamp":"2026-04-18T00:20:05.200Z"}
{"env":"development","error":"Payment failed","level":"error","message":"Payment failed","retryCount":0,"service":"payment-service","timestamp":"2026-04-18T00:20:05.254Z"}
{"env":"development","error":"Payment failed","level":"error","message":"Payment failed","retryCount":0,"service":"payment-service","timestamp":"2026-04-18T00:20:05.275Z"}
{"env":"development","error":"Payment failed","level":"error","message":"Payment failed","retryCount":0,"service":"payment-service","timestamp":"2026-04-18T00:20:05.335Z"}
{"env":"development","error":"Payment failed","level":"error","message":"Payment failed","retryCount":1,"service":"payment-service","timestamp":"2026-04-18T00:20:05.338Z"}
{"env":"development","error":"Payment failed","level":"error","message":"Payment failed","retryCount":0,"service":"payment-service","timestamp":"2026-04-18T00:20:05.455Z"}
{"env":"development","error":"Payment failed","level":"error","message":"Payment failed","retryCount":0,"service":"payment-service","timestamp":"2026-04-18T00:20:05.539Z"}
{"env":"development","error":"Payment failed","level":"error","message":"Payment failed","retryCount":0,"service":"payment-service","timestamp":"2026-04-18T00:20:05.640Z"}
{"env":"development","error":"Payment failed","level":"error","message":"Payment failed","retryCount":1,"service":"payment-service","timestamp":"2026-04-18T00:20:05.642Z"}
{"env":"development","error":"Payment failed","level":"error","message":"Payment failed","retryCount":0,"service":"payment-service","timestamp":"2026-04-18T00:21:04.274Z"}
{"env":"development","error":"Payment failed","level":"error","message":"Payment failed","retryCount":1,"service":"payment-service","timestamp":"2026-04-18T00:21:04.300Z"}
{"env":"development","error":"Payment failed","level":"error","message":"Payment failed","retryCount":0,"service":"payment-service","timestamp":"2026-04-18T00:21:04.399Z"}
{"env":"development","error":"Payment failed","level":"error","message":"Payment failed","retryCount":1,"service":"payment-service","timestamp":"2026-04-18T00:21:04.404Z"}
{"env":"development","error":"Payment failed","level":"error","message":"Payment failed","retryCount":0,"service":"payment-service","timestamp":"2026-04-18T00:21:04.591Z"}
{"env":"development","error":"Payment failed","level":"error","message":"Payment failed","retryCount":1,"service":"payment-service","timestamp":"2026-04-18T00:21:04.594Z"}
{"env":"development","error":"Payment failed","level":"error","message":"Payment failed","retryCount":0,"service":"payment-service","timestamp":"2026-04-18T00:21:04.628Z"}
{"env":"development","error":"Payment failed","level":"error","message":"Payment failed","retryCount":1,"service":"payment-service","timestamp":"2026-04-18T00:21:04.630Z"}
{"env":"development","error":"Payment failed","level":"error","message":"Payment failed","retryCount":0,"service":"payment-service","timestamp":"2026-04-18T00:21:04.889Z"}
{"env":"development","error":"Payment failed","level":"error","message":"Payment failed","retryCount":1,"service":"payment-service","timestamp":"2026-04-18T00:21:04.892Z"}
{"env":"development","error":"Payment failed","level":"error","message":"Payment failed","retryCount":2,"service":"payment-service","timestamp":"2026-04-18T00:21:04.895Z"}
{"env":"development","error":"Payment failed","level":"error","message":"Payment failed","retryCount":0,"service":"payment-service","timestamp":"2026-04-18T00:21:04.993Z"}
{"env":"development","error":"Payment failed","level":"error","message":"Payment failed","retryCount":1,"service":"payment-service","timestamp":"2026-04-18T00:21:04.995Z"}
{"env":"development","error":"Payment failed","level":"error","message":"Payment failed","retryCount":0,"service":"payment-service","timestamp":"2026-04-18T00:21:05.026Z"}
{"env":"development","error":"Payment failed","level":"error","message":"Payment failed","retryCount":0,"service":"payment-service","timestamp":"2026-04-18T00:21:05.095Z"}
{"env":"development","error":"Payment failed","level":"error","message":"Payment failed","retryCount":0,"service":"payment-service","timestamp":"2026-04-18T00:21:05.172Z"}
{"env":"development","error":"Payment failed","level":"error","message":"Payment failed","retryCount":0,"service":"payment-service","timestamp":"2026-04-18T00:21:05.207Z"}
{"env":"development","error":"Payment failed","level":"error","message":"Payment failed","retryCount":0,"service":"payment-service","timestamp":"2026-04-18T00:21:05.240Z"}
{"env":"development","error":"Payment failed","level":"error","message":"Payment failed","retryCount":1,"service":"payment-service","timestamp":"2026-04-18T00:21:05.242Z"}
{"env":"development","error":"Payment failed","level":"error","message":"Payment failed","retryCount":2,"service":"payment-service","timestamp":"2026-04-18T00:21:05.245Z"}
{"env":"development","error":"Payment failed","level":"error","message":"Payment failed","retryCount":0,"service":"payment-service","timestamp":"2026-04-18T00:21:05.276Z"}
{"env":"development","error":"Payment failed","level":"error","message":"Payment failed","retryCount":1,"service":"payment-service","timestamp":"2026-04-18T00:21:05.278Z"}
{"env":"development","error":"Payment failed","level":"error","message":"Payment failed","retryCount":0,"service":"payment-service","timestamp":"2026-04-18T00:21:05.418Z"}
{"env":"development","error":"Payment failed","level":"error","message":"Payment failed","retryCount":1,"service":"payment-service","timestamp":"2026-04-18T00:21:05.420Z"}
{"env":"development","error":"Payment failed","level":"error","message":"Payment failed","retryCount":2,"service":"payment-service","timestamp":"2026-04-18T00:21:05.424Z"}
{"env":"development","error":"Payment failed","level":"error","message":"Payment failed","retryCount":0,"service":"payment-service","timestamp":"2026-04-18T00:22:03.972Z"}
{"env":"development","error":"Payment failed","level":"error","message":"Payment failed","retryCount":1,"service":"payment-service","timestamp":"2026-04-18T00:22:04.006Z"}
{"env":"development","error":"Payment failed","level":"error","message":"Payment failed","retryCount":0,"service":"payment-service","timestamp":"2026-04-18T00:22:04.123Z"}
{"env":"development","error":"Payment failed","level":"error","message":"Payment failed","retryCount":0,"service":"payment-service","timestamp":"2026-04-18T00:22:04.255Z"}
{"env":"development","error":"Payment failed","level":"error","message":"Payment failed","retryCount":1,"service":"payment-service","timestamp":"2026-04-18T00:22:04.263Z"}
{"env":"development","error":"Payment failed","level":"error","message":"Payment failed","retryCount":2,"service":"payment-service","timestamp":"2026-04-18T00:22:04.271Z"}
{"env":"development","error":"Payment failed","level":"error","message":"Payment failed","retryCount":0,"service":"payment-service","timestamp":"2026-04-18T00:22:04.306Z"}
{"env":"development","error":"Payment failed","level":"error","message":"Payment failed","retryCount":0,"service":"payment-service","timestamp":"2026-04-18T00:22:04.347Z"}
{"env":"development","error":"Payment failed","level":"error","message":"Payment failed","retryCount":1,"service":"payment-service","timestamp":"2026-04-18T00:22:04.351Z"}
{"env":"development","error":"Payment failed","level":"error","message":"Payment failed","retryCount":0,"service":"payment-service","timestamp":"2026-04-18T00:22:04.507Z"}
{"env":"development","error":"Payment failed","level":"error","message":"Payment failed","retryCount":1,"service":"payment-service","timestamp":"2026-04-18T00:22:04.511Z"}
{"env":"development","error":"Payment failed","level":"error","message":"Payment failed","retryCount":2,"service":"payment-service","timestamp":"2026-04-18T00:22:04.517Z"}
{"env":"development","error":"Payment failed","level":"error","message":"Payment failed","retryCount":3,"service":"payment-service","timestamp":"2026-04-18T00:22:04.525Z"}
{"amount":3300,"email":"svpsatish5@gmail.com","env":"development","eventId":"a1c9a1e9-c191-497f-b1d9-53901e0b4f9e","level":"error","message":"Moved to DLQ","orderId":154,"retryCount":3,"service":"payment-service","status":"PENDING","timestamp":"2026-04-18T00:22:04.528Z","userId":1}
{"env":"development","error":"Payment failed","level":"error","message":"Payment failed","retryCount":0,"service":"payment-service","timestamp":"2026-04-18T00:22:04.627Z"}
{"env":"development","error":"Payment failed","level":"error","message":"Payment failed","retryCount":1,"service":"payment-service","timestamp":"2026-04-18T00:22:04.630Z"}
{"env":"development","error":"Payment failed","level":"error","message":"Payment failed","retryCount":2,"service":"payment-service","timestamp":"2026-04-18T00:22:04.635Z"}
{"env":"development","error":"Payment failed","level":"error","message":"Payment failed","retryCount":3,"service":"payment-service","timestamp":"2026-04-18T00:22:04.642Z"}
{"amount":3300,"email":"svpsatish5@gmail.com","env":"development","eventId":"29ad4f2c-8e39-44ff-aca9-e9dae2e36fa2","level":"error","message":"Moved to DLQ","orderId":157,"retryCount":3,"service":"payment-service","status":"PENDING","timestamp":"2026-04-18T00:22:04.643Z","userId":1}
{"env":"development","error":"Payment failed","level":"error","message":"Payment failed","retryCount":0,"service":"payment-service","timestamp":"2026-04-18T00:22:04.751Z"}
{"env":"development","error":"Payment failed","level":"error","message":"Payment failed","retryCount":1,"service":"payment-service","timestamp":"2026-04-18T00:22:04.754Z"}
{"env":"development","error":"Payment failed","level":"error","message":"Payment failed","retryCount":2,"service":"payment-service","timestamp":"2026-04-18T00:22:04.760Z"}
{"env":"development","error":"Payment failed","level":"error","message":"Payment failed","retryCount":3,"service":"payment-service","timestamp":"2026-04-18T00:22:04.767Z"}
{"amount":3300,"email":"svpsatish5@gmail.com","env":"development","eventId":"7a93dd36-b6e8-4dbc-a6c4-b26da5d6126a","level":"error","message":"Moved to DLQ","orderId":160,"retryCount":3,"service":"payment-service","status":"PENDING","timestamp":"2026-04-18T00:22:04.769Z","userId":1}
{"env":"development","error":"Payment failed","level":"error","message":"Payment failed","retryCount":0,"service":"payment-service","timestamp":"2026-04-18T00:22:04.868Z"}
{"env":"development","error":"Payment failed","level":"error","message":"Payment failed","retryCount":1,"service":"payment-service","timestamp":"2026-04-18T00:22:04.872Z"}
{"env":"development","error":"Payment failed","level":"error","message":"Payment failed","retryCount":0,"service":"payment-service","timestamp":"2026-04-18T00:22:04.908Z"}
{"env":"development","error":"Payment failed","level":"error","message":"Payment failed","retryCount":1,"service":"payment-service","timestamp":"2026-04-18T00:22:04.912Z"}
{"env":"development","error":"Payment failed","level":"error","message":"Payment failed","retryCount":0,"service":"payment-service","timestamp":"2026-04-18T00:22:05.132Z"}
{"env":"development","error":"Payment failed","level":"error","message":"Payment failed","retryCount":0,"service":"payment-service","timestamp":"2026-04-18T00:22:05.293Z"}
{"env":"development","error":"Payment failed","level":"error","message":"Payment failed","retryCount":1,"service":"payment-service","timestamp":"2026-04-18T00:22:05.296Z"}
{"env":"development","error":"Payment failed","level":"error","message":"Payment failed","retryCount":2,"service":"payment-service","timestamp":"2026-04-18T00:22:05.300Z"}
{"env":"development","error":"Payment failed","level":"error","message":"Payment failed","retryCount":3,"service":"payment-service","timestamp":"2026-04-18T00:22:05.306Z"}
{"amount":3300,"email":"svpsatish5@gmail.com","env":"development","eventId":"49bd61e5-507c-4222-9e32-32ebdd371228","level":"error","message":"Moved to DLQ","orderId":169,"retryCount":3,"service":"payment-service","status":"PENDING","timestamp":"2026-04-18T00:22:05.308Z","userId":1}
{"env":"development","error":"Payment failed","level":"error","message":"Payment failed","retryCount":0,"service":"payment-service","timestamp":"2026-04-18T00:22:05.399Z"}
{"env":"development","error":"Payment failed","level":"error","message":"Payment failed","retryCount":1,"service":"payment-service","timestamp":"2026-04-18T00:22:05.401Z"}
{"env":"development","error":"Payment failed","level":"error","message":"Payment failed","retryCount":2,"service":"payment-service","timestamp":"2026-04-18T00:22:05.404Z"}
{"env":"development","error":"Payment failed","level":"error","message":"Payment failed","retryCount":0,"service":"payment-service","timestamp":"2026-04-18T00:22:05.433Z"}
{"env":"development","error":"Payment failed","level":"error","message":"Payment failed","retryCount":1,"service":"payment-service","timestamp":"2026-04-18T00:22:05.435Z"}
{"env":"development","error":"Payment failed","level":"error","message":"Payment failed","retryCount":2,"service":"payment-service","timestamp":"2026-04-18T00:22:05.439Z"}
{"env":"development","error":"Payment failed","level":"error","message":"Payment failed","retryCount":0,"service":"payment-service","timestamp":"2026-04-18T00:23:03.895Z"}
{"env":"development","error":"Payment failed","level":"error","message":"Payment failed","retryCount":0,"service":"payment-service","timestamp":"2026-04-18T00:23:03.947Z"}
{"env":"development","error":"Payment failed","level":"error","message":"Payment failed","retryCount":0,"service":"payment-service","timestamp":"2026-04-18T00:23:03.996Z"}
{"env":"development","error":"Payment failed","level":"error","message":"Payment failed","retryCount":1,"service":"payment-service","timestamp":"2026-04-18T00:23:04.001Z"}
{"env":"development","error":"Payment failed","level":"error","message":"Payment failed","retryCount":2,"service":"payment-service","timestamp":"2026-04-18T00:23:04.009Z"}
{"env":"development","error":"Payment failed","level":"error","message":"Payment failed","retryCount":0,"service":"payment-service","timestamp":"2026-04-18T00:23:04.261Z"}
{"env":"development","error":"Payment failed","level":"error","message":"Payment failed","retryCount":1,"service":"payment-service","timestamp":"2026-04-18T00:23:04.264Z"}
{"env":"development","error":"Payment failed","level":"error","message":"Payment failed","retryCount":2,"service":"payment-service","timestamp":"2026-04-18T00:23:04.273Z"}
{"env":"development","error":"Payment failed","level":"error","message":"Payment failed","retryCount":0,"service":"payment-service","timestamp":"2026-04-18T00:23:04.308Z"}
{"env":"development","error":"Payment failed","level":"error","message":"Payment failed","retryCount":1,"service":"payment-service","timestamp":"2026-04-18T00:23:04.312Z"}
{"env":"development","error":"Payment failed","level":"error","message":"Payment failed","retryCount":0,"service":"payment-service","timestamp":"2026-04-18T00:23:04.366Z"}
{"env":"development","error":"Payment failed","level":"error","message":"Payment failed","retryCount":0,"service":"payment-service","timestamp":"2026-04-18T00:23:04.408Z"}
{"env":"development","error":"Payment failed","level":"error","message":"Payment failed","retryCount":1,"service":"payment-service","timestamp":"2026-04-18T00:23:04.413Z"}
{"env":"development","error":"Payment failed","level":"error","message":"Payment failed","retryCount":2,"service":"payment-service","timestamp":"2026-04-18T00:23:04.424Z"}
{"env":"development","error":"Payment failed","level":"error","message":"Payment failed","retryCount":3,"service":"payment-service","timestamp":"2026-04-18T00:23:04.435Z"}
{"amount":3300,"email":"svpsatish5@gmail.com","env":"development","eventId":"cca6b2d5-481d-4016-81d4-e3c25c57b493","level":"error","message":"Moved to DLQ","orderId":186,"retryCount":3,"service":"payment-service","status":"PENDING","timestamp":"2026-04-18T00:23:04.442Z","userId":1}
{"env":"development","error":"Payment failed","level":"error","message":"Payment failed","retryCount":0,"service":"payment-service","timestamp":"2026-04-18T00:23:04.503Z"}
{"env":"development","error":"Payment failed","level":"error","message":"Payment failed","retryCount":1,"service":"payment-service","timestamp":"2026-04-18T00:23:04.508Z"}
{"env":"development","error":"Payment failed","level":"error","message":"Payment failed","retryCount":0,"service":"payment-service","timestamp":"2026-04-18T00:23:04.597Z"}
{"env":"development","error":"Payment failed","level":"error","message":"Payment failed","retryCount":0,"service":"payment-service","timestamp":"2026-04-18T00:23:04.684Z"}
{"env":"development","error":"Payment failed","level":"error","message":"Payment failed","retryCount":1,"service":"payment-service","timestamp":"2026-04-18T00:23:04.688Z"}
{"env":"development","error":"Payment failed","level":"error","message":"Payment failed","retryCount":2,"service":"payment-service","timestamp":"2026-04-18T00:23:04.695Z"}
{"env":"development","error":"Payment failed","level":"error","message":"Payment failed","retryCount":3,"service":"payment-service","timestamp":"2026-04-18T00:23:04.702Z"}
{"amount":3300,"email":"svpsatish5@gmail.com","env":"development","eventId":"1a27bb6f-a221-42dd-9b0a-e4af787eed77","level":"error","message":"Moved to DLQ","orderId":192,"retryCount":3,"service":"payment-service","status":"PENDING","timestamp":"2026-04-18T00:23:04.703Z","userId":1}
{"env":"development","error":"Payment failed","level":"error","message":"Payment failed","retryCount":0,"service":"payment-service","timestamp":"2026-04-18T00:23:04.725Z"}
{"env":"development","error":"Payment failed","level":"error","message":"Payment failed","retryCount":0,"service":"payment-service","timestamp":"2026-04-18T00:23:04.850Z"}
{"env":"development","error":"Payment failed","level":"error","message":"Payment failed","retryCount":1,"service":"payment-service","timestamp":"2026-04-18T00:23:04.858Z"}
{"env":"development","error":"Payment failed","level":"error","message":"Payment failed","retryCount":2,"service":"payment-service","timestamp":"2026-04-18T00:23:04.865Z"}
{"env":"development","error":"Payment failed","level":"error","message":"Payment failed","retryCount":0,"service":"payment-service","timestamp":"2026-04-18T00:23:05.160Z"}
{"env":"development","error":"Payment failed","level":"error","message":"Payment failed","retryCount":0,"service":"payment-service","timestamp":"2026-04-18T00:23:05.427Z"}
{"env":"development","error":"Payment failed","level":"error","message":"Payment failed","retryCount":1,"service":"payment-service","timestamp":"2026-04-18T00:23:05.434Z"}
{"env":"development","error":"Payment failed","level":"error","message":"Payment failed","retryCount":2,"service":"payment-service","timestamp":"2026-04-18T00:23:05.441Z"}
{"env":"development","error":"Payment failed","level":"error","message":"Payment failed","retryCount":3,"service":"payment-service","timestamp":"2026-04-18T00:23:05.449Z"}
{"amount":3300,"email":"svpsatish5@gmail.com","env":"development","eventId":"9fcde8df-71e3-4991-9295-86508657029c","level":"error","message":"Moved to DLQ","orderId":204,"retryCount":3,"service":"payment-service","status":"PENDING","timestamp":"2026-04-18T00:23:05.450Z","userId":1}
{"env":"development","error":"Payment failed","level":"error","message":"Payment failed","retryCount":0,"service":"payment-service","timestamp":"2026-04-18T00:23:05.468Z"}
{"env":"development","error":"Payment failed","level":"error","message":"Payment failed","retryCount":1,"service":"payment-service","timestamp":"2026-04-18T00:23:05.472Z"}
{"env":"development","error":"Payment failed","level":"error","message":"Payment failed","retryCount":0,"service":"payment-service","timestamp":"2026-04-18T00:23:05.509Z"}
{"env":"development","error":"Payment failed","level":"error","message":"Payment failed","retryCount":0,"service":"payment-service","timestamp":"2026-04-18T00:38:51.692Z"}
{"env":"development","error":"Payment failed","level":"error","message":"Payment failed","retryCount":0,"service":"payment-service","timestamp":"2026-04-18T00:38:51.920Z"}
{"env":"development","error":"Payment failed","level":"error","message":"Payment failed","retryCount":0,"service":"payment-service","timestamp":"2026-04-18T00:38:51.975Z"}
{"env":"development","error":"Payment failed","level":"error","message":"Payment failed","retryCount":1,"service":"payment-service","timestamp":"2026-04-18T00:38:51.994Z"}
{"env":"development","error":"Payment failed","level":"error","message":"Payment failed","retryCount":0,"service":"payment-service","timestamp":"2026-04-18T00:38:52.091Z"}
{"env":"development","error":"Payment failed","level":"error","message":"Payment failed","retryCount":1,"service":"payment-service","timestamp":"2026-04-18T00:38:52.154Z"}
{"env":"development","error":"Payment failed","level":"error","message":"Payment failed","retryCount":0,"service":"payment-service","timestamp":"2026-04-18T00:38:54.134Z"}
{"env":"development","error":"Payment failed","level":"error","message":"Payment failed","retryCount":0,"service":"payment-service","timestamp":"2026-04-18T00:38:54.357Z"}
{"env":"development","error":"Payment failed","level":"error","message":"Payment failed","retryCount":1,"service":"payment-service","timestamp":"2026-04-18T00:38:54.466Z"}
{"env":"development","error":"Payment failed","level":"error","message":"Payment failed","retryCount":0,"service":"payment-service","timestamp":"2026-04-18T00:38:54.479Z"}
{"env":"development","error":"Payment failed","level":"error","message":"Payment failed","retryCount":1,"service":"payment-service","timestamp":"2026-04-18T00:38:54.495Z"}
{"env":"development","error":"Payment failed","level":"error","message":"Payment failed","retryCount":0,"service":"payment-service","timestamp":"2026-04-18T00:38:54.524Z"}
{"env":"development","error":"Payment failed","level":"error","message":"Payment failed","retryCount":0,"service":"payment-service","timestamp":"2026-04-18T00:38:54.581Z"}
{"env":"development","error":"Payment failed","level":"error","message":"Payment failed","retryCount":0,"service":"payment-service","timestamp":"2026-04-18T00:38:54.873Z"}
{"env":"development","error":"Payment failed","level":"error","message":"Payment failed","retryCount":0,"service":"payment-service","timestamp":"2026-04-18T00:38:55.125Z"}
{"env":"development","error":"Payment failed","level":"error","message":"Payment failed","retryCount":0,"service":"payment-service","timestamp":"2026-04-18T00:38:55.287Z"}
{"env":"development","error":"Payment failed","level":"error","message":"Payment failed","retryCount":0,"service":"payment-service","timestamp":"2026-04-18T00:38:55.372Z"}
{"env":"development","error":"Payment failed","level":"error","message":"Payment failed","retryCount":0,"service":"payment-service","timestamp":"2026-04-18T00:38:55.533Z"}
{"env":"development","error":"Payment failed","level":"error","message":"Payment failed","retryCount":0,"service":"payment-service","timestamp":"2026-04-18T00:38:55.600Z"}
{"env":"development","error":"Payment failed","level":"error","message":"Payment failed","retryCount":1,"service":"payment-service","timestamp":"2026-04-18T00:38:55.617Z"}
{"env":"development","error":"Payment failed","level":"error","message":"Payment failed","retryCount":0,"service":"payment-service","timestamp":"2026-04-18T00:54:33.858Z"}
{"env":"development","error":"Payment failed","level":"error","message":"Payment failed","retryCount":1,"service":"payment-service","timestamp":"2026-04-18T00:54:33.880Z"}
{"env":"development","error":"Payment failed","level":"error","message":"Payment failed","retryCount":0,"service":"payment-service","timestamp":"2026-04-18T00:54:33.894Z"}
{"env":"development","error":"Payment failed","level":"error","message":"Payment failed","retryCount":0,"service":"payment-service","timestamp":"2026-04-18T00:54:33.917Z"}
{"env":"development","error":"Payment failed","level":"error","message":"Payment failed","retryCount":0,"service":"payment-service","timestamp":"2026-04-18T00:54:33.944Z"}
{"env":"development","error":"Payment failed","level":"error","message":"Payment failed","retryCount":1,"service":"payment-service","timestamp":"2026-04-18T00:54:33.945Z"}
{"env":"development","error":"Payment failed","level":"error","message":"Payment failed","retryCount":0,"service":"payment-service","timestamp":"2026-04-18T00:54:33.950Z"}
{"env":"development","error":"Payment failed","level":"error","message":"Payment failed","retryCount":1,"service":"payment-service","timestamp":"2026-04-18T00:54:33.955Z"}
{"env":"development","error":"Payment failed","level":"error","message":"Payment failed","retryCount":1,"service":"payment-service","timestamp":"2026-04-18T00:54:33.958Z"}
{"env":"development","error":"Payment failed","level":"error","message":"Payment failed","retryCount":1,"service":"payment-service","timestamp":"2026-04-18T00:54:33.966Z"}
{"env":"development","error":"Payment failed","level":"error","message":"Payment failed","retryCount":2,"service":"payment-service","timestamp":"2026-04-18T00:54:33.969Z"}
{"env":"development","error":"Payment failed","level":"error","message":"Payment failed","retryCount":2,"service":"payment-service","timestamp":"2026-04-18T00:54:33.978Z"}
{"env":"development","error":"Payment failed","level":"error","message":"Payment failed","retryCount":2,"service":"payment-service","timestamp":"2026-04-18T00:54:33.991Z"}
{"env":"development","error":"Payment failed","level":"error","message":"Payment failed","retryCount":0,"service":"payment-service","timestamp":"2026-04-18T00:54:34.685Z"}
{"env":"development","error":"Payment failed","level":"error","message":"Payment failed","retryCount":1,"service":"payment-service","timestamp":"2026-04-18T00:54:34.689Z"}
{"env":"development","error":"Payment failed","level":"error","message":"Payment failed","retryCount":0,"service":"payment-service","timestamp":"2026-04-18T00:54:34.730Z"}
{"env":"development","error":"Payment failed","level":"error","message":"Payment failed","retryCount":1,"service":"payment-service","timestamp":"2026-04-18T00:54:34.738Z"}
{"env":"development","error":"Payment failed","level":"error","message":"Payment failed","retryCount":2,"service":"payment-service","timestamp":"2026-04-18T00:54:34.742Z"}
{"env":"development","error":"Payment failed","level":"error","message":"Payment failed","retryCount":3,"service":"payment-service","timestamp":"2026-04-18T00:54:34.747Z"}
{"amount":3300,"email":"svpsatish5@gmail.com","env":"development","eventId":"e6b2d1d9-cdce-422f-9e08-f18f665314da","level":"error","message":"Moved to DLQ","orderId":257,"retryCount":3,"service":"payment-service","status":"PENDING","timestamp":"2026-04-18T00:54:34.760Z","userId":1}
{"env":"development","error":"Payment failed","level":"error","message":"Payment failed","retryCount":0,"service":"payment-service","timestamp":"2026-04-18T00:54:34.784Z"}
{"env":"development","error":"Payment failed","level":"error","message":"Payment failed","retryCount":1,"service":"payment-service","timestamp":"2026-04-18T00:54:34.787Z"}
{"env":"development","error":"Payment failed","level":"error","message":"Payment failed","retryCount":2,"service":"payment-service","timestamp":"2026-04-18T00:54:34.790Z"}
{"env":"development","error":"Payment failed","level":"error","message":"Payment failed","retryCount":3,"service":"payment-service","timestamp":"2026-04-18T00:54:34.795Z"}
{"amount":3300,"email":"svpsatish5@gmail.com","env":"development","eventId":"7f3cbe6e-0cfc-4c8e-8d62-36c8a2c3f2cd","level":"error","message":"Moved to DLQ","orderId":258,"retryCount":3,"service":"payment-service","status":"PENDING","timestamp":"2026-04-18T00:54:34.797Z","userId":1}
{"env":"development","error":"Payment failed","level":"error","message":"Payment failed","retryCount":0,"service":"payment-service","timestamp":"2026-04-18T00:54:34.889Z"}
{"env":"development","error":"Payment failed","level":"error","message":"Payment failed","retryCount":0,"service":"payment-service","timestamp":"2026-04-18T00:54:34.935Z"}
{"env":"development","error":"Payment failed","level":"error","message":"Payment failed","retryCount":1,"service":"payment-service","timestamp":"2026-04-18T00:54:34.937Z"}
{"env":"development","error":"Payment failed","level":"error","message":"Payment failed","retryCount":0,"service":"payment-service","timestamp":"2026-04-18T00:54:34.976Z"}
{"env":"development","error":"Payment failed","level":"error","message":"Payment failed","retryCount":0,"service":"payment-service","timestamp":"2026-04-18T00:54:35.110Z"}
{"env":"development","error":"Payment failed","level":"error","message":"Payment failed","retryCount":1,"service":"payment-service","timestamp":"2026-04-18T00:54:35.115Z"}
{"env":"development","error":"Payment failed","level":"error","message":"Payment failed","retryCount":0,"service":"payment-service","timestamp":"2026-04-18T00:54:35.165Z"}
{"env":"development","error":"Payment failed","level":"error","message":"Payment failed","retryCount":0,"service":"payment-service","timestamp":"2026-04-18T00:54:35.219Z"}
{"env":"development","error":"Payment failed","level":"error","message":"Payment failed","retryCount":1,"service":"payment-service","timestamp":"2026-04-18T00:54:35.226Z"}
{"env":"development","error":"Payment failed","level":"error","message":"Payment failed","retryCount":2,"service":"payment-service","timestamp":"2026-04-18T00:54:35.246Z"}
{"env":"development","error":"Payment failed","level":"error","message":"Payment failed","retryCount":3,"service":"payment-service","timestamp":"2026-04-18T00:54:35.249Z"}
{"amount":3300,"email":"svpsatish5@gmail.com","env":"development","eventId":"1b485657-3fd7-4413-ba24-9a63677b2745","level":"error","message":"Moved to DLQ","orderId":267,"retryCount":3,"service":"payment-service","status":"PENDING","timestamp":"2026-04-18T00:54:35.250Z","userId":1}
{"env":"development","error":"Payment failed","level":"error","message":"Payment failed","retryCount":0,"service":"payment-service","timestamp":"2026-04-18T00:54:35.350Z"}
{"env":"development","error":"Payment failed","level":"error","message":"Payment failed","retryCount":1,"service":"payment-service","timestamp":"2026-04-18T00:54:35.359Z"}
{"env":"development","error":"Payment failed","level":"error","message":"Payment failed","retryCount":2,"service":"payment-service","timestamp":"2026-04-18T00:54:35.370Z"}
{"env":"development","error":"Payment failed","level":"error","message":"Payment failed","retryCount":0,"service":"payment-service","timestamp":"2026-04-18T00:54:35.436Z"}
{"env":"development","error":"Payment failed","level":"error","message":"Payment failed","retryCount":0,"service":"payment-service","timestamp":"2026-04-18T00:54:35.478Z"}
