{"env":"development","level":"info","message":"Payment Service running on 3004","service":"payment-service","timestamp":"2026-04-17T19:27:25.462Z"}
{"env":"development","level":"info","message":"Kafka consumer started","service":"payment-service","timestamp":"2026-04-17T19:27:49.730Z"}
{"env":"development","level":"info","message":"Kafka Producer connected","service":"payment-service","timestamp":"2026-04-17T19:29:25.785Z"}
{"amount":778800,"env":"development","eventId":"c27a7001-9d50-4b2b-b0ed-c7f68a7bf86a","level":"info","message":"Payment success","orderId":35,"service":"payment-service","status":"PENDING","timestamp":"2026-04-17T19:29:25.885Z","userId":1}
{"env":"development","level":"error","message":"Payment unsuccess Payment failed","service":"payment-service","stack":"Error: Payment failed\n    at processPayment (/Users/poonampawar/Desktop/2026 project/microservices/payment-service/src/workers/payment.worker.js:9:11)\n    at processBatch (/Users/poonampawar/Desktop/2026 project/microservices/payment-service/src/workers/payment.worker.js:21:13)\n    at Timeout._onTimeout (/Users/poonampawar/Desktop/2026 project/microservices/payment-service/src/workers/payment.worker.js:38:11)\n    at listOnTimeout (node:internal/timers:588:17)\n    at process.processTimers (node:internal/timers:523:7)","timestamp":"2026-04-17T19:34:19.826Z"}
{"amount":778800,"email":"svpsatish5@gmail.com","env":"development","eventId":"a454d06b-e851-425a-89d8-a831e904db64","level":"info","message":"Payment success","orderId":37,"service":"payment-service","status":"PENDING","timestamp":"2026-04-17T19:34:48.133Z","userId":1}
{"env":"development","level":"error","message":"Payment unsuccess Payment failed","service":"payment-service","stack":"Error: Payment failed\n    at processPayment (/Users/poonampawar/Desktop/2026 project/microservices/payment-service/src/workers/payment.worker.js:9:11)\n    at processBatch (/Users/poonampawar/Desktop/2026 project/microservices/payment-service/src/workers/payment.worker.js:21:13)\n    at Timeout._onTimeout (/Users/poonampawar/Desktop/2026 project/microservices/payment-service/src/workers/payment.worker.js:38:11)\n    at listOnTimeout (node:internal/timers:588:17)\n    at process.processTimers (node:internal/timers:523:7)","timestamp":"2026-04-17T19:34:48.852Z"}
{"env":"development","level":"error","message":"Payment unsuccess Payment failed","service":"payment-service","stack":"Error: Payment failed\n    at processPayment (/Users/poonampawar/Desktop/2026 project/microservices/payment-service/src/workers/payment.worker.js:9:11)\n    at processBatch (/Users/poonampawar/Desktop/2026 project/microservices/payment-service/src/workers/payment.worker.js:21:13)\n    at Timeout._onTimeout (/Users/poonampawar/Desktop/2026 project/microservices/payment-service/src/workers/payment.worker.js:38:11)\n    at listOnTimeout (node:internal/timers:588:17)\n    at process.processTimers (node:internal/timers:523:7)","timestamp":"2026-04-17T20:20:59.567Z"}
{"env":"development","level":"error","message":"Payment unsuccess Payment failed","service":"payment-service","stack":"Error: Payment failed\n    at processPayment (/Users/poonampawar/Desktop/2026 project/microservices/payment-service/src/workers/payment.worker.js:9:11)\n    at processBatch (/Users/poonampawar/Desktop/2026 project/microservices/payment-service/src/workers/payment.worker.js:21:13)\n    at Timeout._onTimeout (/Users/poonampawar/Desktop/2026 project/microservices/payment-service/src/workers/payment.worker.js:38:11)\n    at listOnTimeout (node:internal/timers:588:17)\n    at process.processTimers (node:internal/timers:523:7)","timestamp":"2026-04-17T20:21:06.561Z"}
{"env":"development","level":"error","message":"Payment unsuccess Payment failed","service":"payment-service","stack":"Error: Payment failed\n    at processPayment (/Users/poonampawar/Desktop/2026 project/microservices/payment-service/src/workers/payment.worker.js:9:11)\n    at processBatch (/Users/poonampawar/Desktop/2026 project/microservices/payment-service/src/workers/payment.worker.js:21:13)\n    at Timeout._onTimeout (/Users/poonampawar/Desktop/2026 project/microservices/payment-service/src/workers/payment.worker.js:38:11)\n    at listOnTimeout (node:internal/timers:588:17)\n    at process.processTimers (node:internal/timers:523:7)","timestamp":"2026-04-17T20:24:11.584Z"}
{"env":"development","level":"error","message":"Payment unsuccess Payment failed","service":"payment-service","stack":"Error: Payment failed\n    at processPayment (/Users/poonampawar/Desktop/2026 project/microservices/payment-service/src/workers/payment.worker.js:9:11)\n    at processBatch (/Users/poonampawar/Desktop/2026 project/microservices/payment-service/src/workers/payment.worker.js:21:13)\n    at Timeout._onTimeout (/Users/poonampawar/Desktop/2026 project/microservices/payment-service/src/workers/payment.worker.js:38:11)\n    at listOnTimeout (node:internal/timers:588:17)\n    at process.processTimers (node:internal/timers:523:7)","timestamp":"2026-04-17T20:24:12.583Z"}
{"env":"development","level":"error","message":"Payment unsuccess Payment failed","service":"payment-service","stack":"Error: Payment failed\n    at processPayment (/Users/poonampawar/Desktop/2026 project/microservices/payment-service/src/workers/payment.worker.js:9:11)\n    at processBatch (/Users/poonampawar/Desktop/2026 project/microservices/payment-service/src/workers/payment.worker.js:21:13)\n    at Timeout._onTimeout (/Users/poonampawar/Desktop/2026 project/microservices/payment-service/src/workers/payment.worker.js:38:11)\n    at listOnTimeout (node:internal/timers:588:17)\n    at process.processTimers (node:internal/timers:523:7)","timestamp":"2026-04-17T20:24:13.600Z"}
{"env":"development","level":"error","message":"Payment unsuccess Payment failed","service":"payment-service","stack":"Error: Payment failed\n    at processPayment (/Users/poonampawar/Desktop/2026 project/microservices/payment-service/src/workers/payment.worker.js:9:11)\n    at processBatch (/Users/poonampawar/Desktop/2026 project/microservices/payment-service/src/workers/payment.worker.js:21:13)\n    at Timeout._onTimeout (/Users/poonampawar/Desktop/2026 project/microservices/payment-service/src/workers/payment.worker.js:38:11)\n    at listOnTimeout (node:internal/timers:588:17)\n    at process.processTimers (node:internal/timers:523:7)","timestamp":"2026-04-17T20:24:14.585Z"}
{"env":"development","level":"error","message":"Payment unsuccess Payment failed","service":"payment-service","stack":"Error: Payment failed\n    at processPayment (/Users/poonampawar/Desktop/2026 project/microservices/payment-service/src/workers/payment.worker.js:9:11)\n    at processBatch (/Users/poonampawar/Desktop/2026 project/microservices/payment-service/src/workers/payment.worker.js:21:13)\n    at Timeout._onTimeout (/Users/poonampawar/Desktop/2026 project/microservices/payment-service/src/workers/payment.worker.js:38:11)\n    at listOnTimeout (node:internal/timers:588:17)\n    at process.processTimers (node:internal/timers:523:7)","timestamp":"2026-04-17T20:24:15.585Z"}
{"amount":9658800,"email":"svpsatish5@gmail.com","env":"development","eventId":"82c87247-882e-4823-b98b-9c1b665e1220","level":"info","message":"Payment success","orderId":46,"service":"payment-service","status":"PENDING","timestamp":"2026-04-17T20:24:17.606Z","userId":1}
{"amount":9658800,"email":"svpsatish5@gmail.com","env":"development","eventId":"a677129a-335d-4d43-a5a6-e6a050a60e19","level":"info","message":"Payment success","orderId":47,"service":"payment-service","status":"PENDING","timestamp":"2026-04-17T20:24:17.614Z","userId":1}
{"amount":9658800,"email":"svpsatish5@gmail.com","env":"development","eventId":"bf85c7bb-bd26-4aa7-ba3e-a20cb50a1bcf","level":"info","message":"Payment success","orderId":48,"service":"payment-service","status":"PENDING","timestamp":"2026-04-17T20:24:18.590Z","userId":1}
{"env":"development","level":"error","message":"Payment unsuccess Payment failed","service":"payment-service","stack":"Error: Payment failed\n    at processPayment (/Users/poonampawar/Desktop/2026 project/microservices/payment-service/src/workers/payment.worker.js:9:11)\n    at processBatch (/Users/poonampawar/Desktop/2026 project/microservices/payment-service/src/workers/payment.worker.js:21:13)\n    at Timeout._onTimeout (/Users/poonampawar/Desktop/2026 project/microservices/payment-service/src/workers/payment.worker.js:38:11)\n    at listOnTimeout (node:internal/timers:588:17)\n    at process.processTimers (node:internal/timers:523:7)","timestamp":"2026-04-17T20:24:19.596Z"}
{"amount":9658800,"email":"svpsatish5@gmail.com","env":"development","eventId":"bd8522bd-c6cf-48dc-adad-21949b684065","level":"info","message":"Payment success","orderId":50,"service":"payment-service","status":"PENDING","timestamp":"2026-04-17T20:24:20.597Z","userId":1}
{"amount":8800,"email":"svpsatish5@gmail.com","env":"development","eventId":"47347e2f-a2ac-4d26-bc59-93ff83ee309e","level":"info","message":"Payment success","orderId":51,"service":"payment-service","status":"PENDING","timestamp":"2026-04-17T20:24:26.899Z","userId":1}
{"env":"development","level":"error","message":"Payment unsuccess Payment failed","service":"payment-service","stack":"Error: Payment failed\n    at processPayment (/Users/poonampawar/Desktop/2026 project/microservices/payment-service/src/workers/payment.worker.js:9:11)\n    at processBatch (/Users/poonampawar/Desktop/2026 project/microservices/payment-service/src/workers/payment.worker.js:21:13)\n    at Timeout._onTimeout (/Users/poonampawar/Desktop/2026 project/microservices/payment-service/src/workers/payment.worker.js:38:11)\n    at listOnTimeout (node:internal/timers:588:17)\n    at process.processTimers (node:internal/timers:523:7)","timestamp":"2026-04-17T20:24:27.587Z"}
{"amount":8800,"email":"svpsatish5@gmail.com","env":"development","eventId":"e2fd35f2-3350-4816-ae1e-096286e474c6","level":"info","message":"Payment success","orderId":53,"service":"payment-service","status":"PENDING","timestamp":"2026-04-17T20:24:29.623Z","userId":1}
{"env":"development","level":"error","message":"Payment unsuccess Payment failed","service":"payment-service","stack":"Error: Payment failed\n    at processPayment (/Users/poonampawar/Desktop/2026 project/microservices/payment-service/src/workers/payment.worker.js:9:11)\n    at processBatch (/Users/poonampawar/Desktop/2026 project/microservices/payment-service/src/workers/payment.worker.js:21:13)\n    at process.processTicksAndRejections (node:internal/process/task_queues:105:5)\n    at async Timeout._onTimeout (/Users/poonampawar/Desktop/2026 project/microservices/payment-service/src/workers/payment.worker.js:38:5)","timestamp":"2026-04-17T20:24:29.639Z"}
{"env":"development","level":"info","message":"Payment Service running on 3004","service":"payment-service","timestamp":"2026-04-17T20:31:09.424Z"}
{"env":"development","level":"error","message":"Failed to start Kafka consumer runPaymentConsumer is not defined","service":"payment-service","stack":"ReferenceError: runPaymentConsumer is not defined\n    at Server.<anonymous> (/Users/poonampawar/Desktop/2026 project/microservices/payment-service/src/app.js:31:5)\n    at Server.f (/Users/poonampawar/Desktop/2026 project/microservices/payment-service/node_modules/once/once.js:25:25)\n    at Object.onceWrapper (node:events:633:28)\n    at Server.emit (node:events:531:35)\n    at emitListeningNT (node:net:1983:10)\n    at process.processTicksAndRejections (node:internal/process/task_queues:89:21)","timestamp":"2026-04-17T20:31:09.425Z"}
{"env":"development","level":"info","message":"Payment Service running on 3004","service":"payment-service","timestamp":"2026-04-17T20:31:32.639Z"}
{"env":"development","level":"info","message":"Kafka consumer started","service":"payment-service","timestamp":"2026-04-17T20:31:38.207Z"}
{"env":"development","level":"info","message":"Message received","partition":0,"service":"payment-service","timestamp":"2026-04-17T20:32:46.421Z","topic":"order-created"}
{"env":"development","level":"info","message":"Kafka Producer connected","service":"payment-service","timestamp":"2026-04-17T20:32:46.433Z"}
{"amount":9900,"email":"svpsatish5@gmail.com","env":"development","eventId":"531a3bd8-d49d-4c64-8365-9f07e57a6c7a","level":"info","message":"Payment success","orderId":55,"service":"payment-service","status":"PENDING","timestamp":"2026-04-17T20:32:46.446Z","userId":1}
{"env":"development","level":"info","message":"Message received","partition":0,"service":"payment-service","timestamp":"2026-04-17T20:32:49.812Z","topic":"order-created"}
{"amount":9900,"email":"svpsatish5@gmail.com","env":"development","eventId":"bed8efbf-f2d3-41f2-bd64-a4cd0476b75c","level":"info","message":"Payment success","orderId":56,"service":"payment-service","status":"PENDING","timestamp":"2026-04-17T20:32:49.817Z","userId":1}
{"env":"development","level":"info","message":"Message received","partition":2,"service":"payment-service","timestamp":"2026-04-17T20:32:51.482Z","topic":"order-created"}
{"amount":9900,"email":"svpsatish5@gmail.com","env":"development","eventId":"570224ad-b33f-44e8-b720-08e60d640561","level":"info","message":"Payment success","orderId":57,"service":"payment-service","status":"PENDING","timestamp":"2026-04-17T20:32:51.485Z","userId":1}
{"env":"development","level":"info","message":"Message received","partition":1,"service":"payment-service","timestamp":"2026-04-17T20:32:52.518Z","topic":"order-created"}
{"amount":9900,"email":"svpsatish5@gmail.com","env":"development","eventId":"a80e6e49-165e-43ef-bad9-3aa6485a2a67","level":"info","message":"Payment success","orderId":58,"service":"payment-service","status":"PENDING","timestamp":"2026-04-17T20:32:52.521Z","userId":1}
{"env":"development","level":"info","message":"Message received","partition":0,"service":"payment-service","timestamp":"2026-04-17T20:32:53.535Z","topic":"order-created"}
{"amount":9900,"email":"svpsatish5@gmail.com","env":"development","eventId":"301d0013-0118-4b64-9f1c-a1bd0ab11be1","level":"info","message":"Payment success","orderId":59,"service":"payment-service","status":"PENDING","timestamp":"2026-04-17T20:32:53.542Z","userId":1}
{"env":"development","level":"info","message":"Payment Service running on 3004","service":"payment-service","timestamp":"2026-04-17T20:34:22.431Z"}
{"env":"development","level":"info","message":"Message received","partition":0,"service":"payment-service","timestamp":"2026-04-17T20:34:48.749Z","topic":"order-created"}
{"env":"development","error":"Payment failed","level":"error","message":"Payment failed","retryCount":0,"service":"payment-service","timestamp":"2026-04-17T20:34:48.750Z"}
{"env":"development","level":"info","message":"Kafka Producer connected","service":"payment-service","timestamp":"2026-04-17T20:34:48.752Z"}
{"env":"development","level":"info","message":"Message received","partition":0,"service":"payment-service","timestamp":"2026-04-17T20:34:48.762Z","topic":"order-created"}
{"env":"development","error":"Payment failed","level":"error","message":"Payment failed","retryCount":0,"service":"payment-service","timestamp":"2026-04-17T20:34:48.762Z"}
{"env":"development","level":"info","message":"Message received","partition":0,"service":"payment-service","timestamp":"2026-04-17T20:34:48.764Z","topic":"order-created"}
{"env":"development","error":"Payment failed","level":"error","message":"Payment failed","retryCount":0,"service":"payment-service","timestamp":"2026-04-17T20:34:48.764Z"}
{"env":"development","level":"info","message":"Message received","partition":1,"service":"payment-service","timestamp":"2026-04-17T20:34:48.771Z","topic":"order-created"}
{"env":"development","error":"Payment failed","level":"error","message":"Payment failed","retryCount":0,"service":"payment-service","timestamp":"2026-04-17T20:34:48.772Z"}
{"env":"development","level":"info","message":"Kafka consumer started","service":"payment-service","timestamp":"2026-04-17T20:34:51.766Z"}
{"env":"development","level":"info","message":"Message received","partition":0,"service":"payment-service","timestamp":"2026-04-17T20:34:51.784Z","topic":"payment-retry"}
{"env":"development","error":"Payment failed","level":"error","message":"Payment failed","retryCount":1,"service":"payment-service","timestamp":"2026-04-17T20:34:51.784Z"}
{"env":"development","level":"info","message":"Message received","partition":0,"service":"payment-service","timestamp":"2026-04-17T20:34:51.789Z","topic":"payment-retry"}
{"env":"development","error":"Payment failed","level":"error","message":"Payment failed","retryCount":1,"service":"payment-service","timestamp":"2026-04-17T20:34:51.789Z"}
{"env":"development","level":"info","message":"Message received","partition":0,"service":"payment-service","timestamp":"2026-04-17T20:34:51.793Z","topic":"payment-retry"}
{"env":"development","error":"Payment failed","level":"error","message":"Payment failed","retryCount":1,"service":"payment-service","timestamp":"2026-04-17T20:34:51.794Z"}
{"env":"development","level":"info","message":"Message received","partition":0,"service":"payment-service","timestamp":"2026-04-17T20:34:51.804Z","topic":"payment-retry"}
{"env":"development","error":"Payment failed","level":"error","message":"Payment failed","retryCount":2,"service":"payment-service","timestamp":"2026-04-17T20:34:51.804Z"}
{"env":"development","level":"info","message":"Message received","partition":0,"service":"payment-service","timestamp":"2026-04-17T20:34:51.807Z","topic":"payment-retry"}
{"env":"development","error":"Payment failed","level":"error","message":"Payment failed","retryCount":2,"service":"payment-service","timestamp":"2026-04-17T20:34:51.807Z"}
{"env":"development","level":"info","message":"Message received","partition":0,"service":"payment-service","timestamp":"2026-04-17T20:34:51.821Z","topic":"payment-retry"}
{"env":"development","error":"Payment failed","level":"error","message":"Payment failed","retryCount":2,"service":"payment-service","timestamp":"2026-04-17T20:34:51.821Z"}
{"env":"development","level":"info","message":"Message received","partition":0,"service":"payment-service","timestamp":"2026-04-17T20:34:51.828Z","topic":"payment-retry"}
{"env":"development","error":"Payment failed","level":"error","message":"Payment failed","retryCount":3,"service":"payment-service","timestamp":"2026-04-17T20:34:51.829Z"}
{"amount":9900,"email":"svpsatish5@gmail.com","env":"development","eventId":"61dbf95f-5053-42f0-9956-27768bbd813e","level":"error","message":"Moved to DLQ","orderId":60,"retryCount":3,"service":"payment-service","status":"PENDING","timestamp":"2026-04-17T20:34:51.837Z","userId":1}
{"env":"development","level":"info","message":"Message received","partition":0,"service":"payment-service","timestamp":"2026-04-17T20:34:51.838Z","topic":"payment-retry"}
{"env":"development","error":"Payment failed","level":"error","message":"Payment failed","retryCount":3,"service":"payment-service","timestamp":"2026-04-17T20:34:51.838Z"}
{"amount":9900,"email":"svpsatish5@gmail.com","env":"development","eventId":"3559b116-6563-4efa-99e7-5b9a39e3fd7a","level":"error","message":"Moved to DLQ","orderId":61,"retryCount":3,"service":"payment-service","status":"PENDING","timestamp":"2026-04-17T20:34:51.841Z","userId":1}
{"env":"development","level":"info","message":"Message received","partition":0,"service":"payment-service","timestamp":"2026-04-17T20:34:51.841Z","topic":"payment-retry"}
{"env":"development","error":"Payment failed","level":"error","message":"Payment failed","retryCount":3,"service":"payment-service","timestamp":"2026-04-17T20:34:51.841Z"}
{"amount":9900,"email":"svpsatish5@gmail.com","env":"development","eventId":"3f4950ee-5fd7-493c-96ae-cd637e6a0712","level":"error","message":"Moved to DLQ","orderId":63,"retryCount":3,"service":"payment-service","status":"PENDING","timestamp":"2026-04-17T20:34:51.843Z","userId":1}
{"env":"development","level":"info","message":"Message received","partition":0,"service":"payment-service","timestamp":"2026-04-17T20:35:40.324Z","topic":"order-created"}
{"env":"development","error":"Payment failed","level":"error","message":"Payment failed","retryCount":0,"service":"payment-service","timestamp":"2026-04-17T20:35:40.326Z"}
{"env":"development","level":"info","message":"Message received","partition":0,"service":"payment-service","timestamp":"2026-04-17T20:35:40.332Z","topic":"payment-retry"}
{"env":"development","error":"Payment failed","level":"error","message":"Payment failed","retryCount":1,"service":"payment-service","timestamp":"2026-04-17T20:35:40.332Z"}
{"env":"development","level":"info","message":"Message received","partition":0,"service":"payment-service","timestamp":"2026-04-17T20:35:40.345Z","topic":"payment-retry"}
{"env":"development","error":"Payment failed","level":"error","message":"Payment failed","retryCount":2,"service":"payment-service","timestamp":"2026-04-17T20:35:40.345Z"}
{"env":"development","level":"info","message":"Message received","partition":0,"service":"payment-service","timestamp":"2026-04-17T20:35:40.352Z","topic":"payment-retry"}
{"env":"development","error":"Payment failed","level":"error","message":"Payment failed","retryCount":3,"service":"payment-service","timestamp":"2026-04-17T20:35:40.352Z"}
{"amount":9900,"email":"svpsatish5@gmail.com","env":"development","eventId":"fc3f8f01-0da5-4b38-9b20-1b31e3296edf","level":"error","message":"Moved to DLQ","orderId":1,"retryCount":3,"service":"payment-service","status":"PENDING","timestamp":"2026-04-17T20:35:40.353Z","userId":1}
{"env":"development","level":"info","message":"Message received","partition":2,"service":"payment-service","timestamp":"2026-04-17T20:35:41.733Z","topic":"order-created"}
{"env":"development","error":"Payment failed","level":"error","message":"Payment failed","retryCount":0,"service":"payment-service","timestamp":"2026-04-17T20:35:41.734Z"}
{"env":"development","level":"info","message":"Message received","partition":2,"service":"payment-service","timestamp":"2026-04-17T20:35:41.741Z","topic":"payment-retry"}
{"env":"development","error":"Payment failed","level":"error","message":"Payment failed","retryCount":1,"service":"payment-service","timestamp":"2026-04-17T20:35:41.741Z"}
{"env":"development","level":"info","message":"Message received","partition":2,"service":"payment-service","timestamp":"2026-04-17T20:35:41.746Z","topic":"payment-retry"}
{"env":"development","error":"Payment failed","level":"error","message":"Payment failed","retryCount":2,"service":"payment-service","timestamp":"2026-04-17T20:35:41.747Z"}
{"env":"development","level":"info","message":"Message received","partition":2,"service":"payment-service","timestamp":"2026-04-17T20:35:41.751Z","topic":"payment-retry"}
{"env":"development","error":"Payment failed","level":"error","message":"Payment failed","retryCount":3,"service":"payment-service","timestamp":"2026-04-17T20:35:41.751Z"}
{"amount":9900,"email":"svpsatish5@gmail.com","env":"development","eventId":"1215ac03-e1b3-4450-b06f-8a3069966d77","level":"error","message":"Moved to DLQ","orderId":2,"retryCount":3,"service":"payment-service","status":"PENDING","timestamp":"2026-04-17T20:35:41.752Z","userId":1}
{"env":"development","level":"info","message":"Message received","partition":2,"service":"payment-service","timestamp":"2026-04-17T20:35:42.215Z","topic":"order-created"}
{"env":"development","error":"Payment failed","level":"error","message":"Payment failed","retryCount":0,"service":"payment-service","timestamp":"2026-04-17T20:35:42.215Z"}
{"env":"development","level":"info","message":"Message received","partition":2,"service":"payment-service","timestamp":"2026-04-17T20:35:42.220Z","topic":"payment-retry"}
{"env":"development","error":"Payment failed","level":"error","message":"Payment failed","retryCount":1,"service":"payment-service","timestamp":"2026-04-17T20:35:42.221Z"}
{"env":"development","level":"info","message":"Message received","partition":2,"service":"payment-service","timestamp":"2026-04-17T20:35:42.230Z","topic":"payment-retry"}
{"env":"development","error":"Payment failed","level":"error","message":"Payment failed","retryCount":2,"service":"payment-service","timestamp":"2026-04-17T20:35:42.230Z"}
{"env":"development","level":"info","message":"Message received","partition":2,"service":"payment-service","timestamp":"2026-04-17T20:35:42.238Z","topic":"payment-retry"}
{"env":"development","error":"Payment failed","level":"error","message":"Payment failed","retryCount":3,"service":"payment-service","timestamp":"2026-04-17T20:35:42.238Z"}
{"amount":9900,"email":"svpsatish5@gmail.com","env":"development","eventId":"6d064d55-a73a-49c9-940a-aed69c0a5f02","level":"error","message":"Moved to DLQ","orderId":3,"retryCount":3,"service":"payment-service","status":"PENDING","timestamp":"2026-04-17T20:35:42.241Z","userId":1}
{"env":"development","level":"info","message":"Message received","partition":1,"service":"payment-service","timestamp":"2026-04-17T20:35:43.411Z","topic":"order-created"}
{"env":"development","error":"Payment failed","level":"error","message":"Payment failed","retryCount":0,"service":"payment-service","timestamp":"2026-04-17T20:35:43.411Z"}
{"env":"development","level":"info","message":"Message received","partition":1,"service":"payment-service","timestamp":"2026-04-17T20:35:43.414Z","topic":"payment-retry"}
{"env":"development","error":"Payment failed","level":"error","message":"Payment failed","retryCount":1,"service":"payment-service","timestamp":"2026-04-17T20:35:43.415Z"}
{"env":"development","level":"info","message":"Message received","partition":1,"service":"payment-service","timestamp":"2026-04-17T20:35:43.422Z","topic":"payment-retry"}
{"env":"development","error":"Payment failed","level":"error","message":"Payment failed","retryCount":2,"service":"payment-service","timestamp":"2026-04-17T20:35:43.423Z"}
{"env":"development","level":"info","message":"Message received","partition":1,"service":"payment-service","timestamp":"2026-04-17T20:35:43.431Z","topic":"payment-retry"}
{"env":"development","error":"Payment failed","level":"error","message":"Payment failed","retryCount":3,"service":"payment-service","timestamp":"2026-04-17T20:35:43.431Z"}
{"amount":9900,"email":"svpsatish5@gmail.com","env":"development","eventId":"96edb7e4-6f69-4e66-bf3a-1bfdcebd56cf","level":"error","message":"Moved to DLQ","orderId":4,"retryCount":3,"service":"payment-service","status":"PENDING","timestamp":"2026-04-17T20:35:43.436Z","userId":1}
{"env":"development","level":"info","message":"Message received","partition":0,"service":"payment-service","timestamp":"2026-04-17T20:35:44.618Z","topic":"order-created"}
{"env":"development","error":"Payment failed","level":"error","message":"Payment failed","retryCount":0,"service":"payment-service","timestamp":"2026-04-17T20:35:44.619Z"}
{"env":"development","level":"info","message":"Message received","partition":0,"service":"payment-service","timestamp":"2026-04-17T20:35:44.646Z","topic":"payment-retry"}
{"env":"development","error":"Payment failed","level":"error","message":"Payment failed","retryCount":1,"service":"payment-service","timestamp":"2026-04-17T20:35:44.646Z"}
{"env":"development","level":"info","message":"Message received","partition":0,"service":"payment-service","timestamp":"2026-04-17T20:35:44.653Z","topic":"payment-retry"}
{"env":"development","error":"Payment failed","level":"error","message":"Payment failed","retryCount":2,"service":"payment-service","timestamp":"2026-04-17T20:35:44.654Z"}
{"env":"development","level":"info","message":"Message received","partition":0,"service":"payment-service","timestamp":"2026-04-17T20:35:44.662Z","topic":"payment-retry"}
{"env":"development","error":"Payment failed","level":"error","message":"Payment failed","retryCount":3,"service":"payment-service","timestamp":"2026-04-17T20:35:44.662Z"}
{"amount":9900,"email":"svpsatish5@gmail.com","env":"development","eventId":"876f9f36-69bd-4558-b75c-7d0934bb59c2","level":"error","message":"Moved to DLQ","orderId":5,"retryCount":3,"service":"payment-service","status":"PENDING","timestamp":"2026-04-17T20:35:44.664Z","userId":1}
{"env":"development","level":"info","message":"Payment Service running on 3004","service":"payment-service","timestamp":"2026-04-17T20:36:18.658Z"}
{"env":"development","level":"info","message":"Message received","partition":1,"service":"payment-service","timestamp":"2026-04-17T20:36:45.110Z","topic":"order-created"}
{"env":"development","error":"Payment failed","level":"error","message":"Payment failed","retryCount":0,"service":"payment-service","timestamp":"2026-04-17T20:36:45.111Z"}
{"env":"development","level":"info","message":"Kafka Producer connected","service":"payment-service","timestamp":"2026-04-17T20:36:45.115Z"}
{"env":"development","level":"info","message":"Message received","partition":0,"service":"payment-service","timestamp":"2026-04-17T20:36:45.169Z","topic":"order-created"}
{"amount":9900,"email":"svpsatish5@gmail.com","env":"development","eventId":"764e0011-be4b-4043-a693-f8f3f9d3ebf7","level":"info","message":"Payment success","orderId":1,"service":"payment-service","status":"PENDING","timestamp":"2026-04-17T20:36:45.176Z","userId":1}
{"env":"development","level":"info","message":"Message received","partition":2,"service":"payment-service","timestamp":"2026-04-17T20:36:45.184Z","topic":"order-created"}
{"env":"development","error":"Payment failed","level":"error","message":"Payment failed","retryCount":0,"service":"payment-service","timestamp":"2026-04-17T20:36:45.184Z"}
{"env":"development","level":"info","message":"Message received","partition":2,"service":"payment-service","timestamp":"2026-04-17T20:36:45.204Z","topic":"order-created"}
{"env":"development","error":"Payment failed","level":"error","message":"Payment failed","retryCount":0,"service":"payment-service","timestamp":"2026-04-17T20:36:45.204Z"}
{"env":"development","level":"info","message":"Message received","partition":0,"service":"payment-service","timestamp":"2026-04-17T20:36:46.431Z","topic":"order-created"}
{"env":"development","error":"Payment failed","level":"error","message":"Payment failed","retryCount":0,"service":"payment-service","timestamp":"2026-04-17T20:36:46.431Z"}
{"env":"development","level":"info","message":"Message received","partition":2,"service":"payment-service","timestamp":"2026-04-17T20:36:47.719Z","topic":"order-created"}
{"env":"development","error":"Payment failed","level":"error","message":"Payment failed","retryCount":0,"service":"payment-service","timestamp":"2026-04-17T20:36:47.719Z"}
{"env":"development","level":"info","message":"Kafka consumer started","service":"payment-service","timestamp":"2026-04-17T20:36:48.137Z"}
{"env":"development","level":"info","message":"Message received","partition":2,"service":"payment-service","timestamp":"2026-04-17T20:36:48.148Z","topic":"payment-retry"}
{"env":"development","error":"Payment failed","level":"error","message":"Payment failed","retryCount":1,"service":"payment-service","timestamp":"2026-04-17T20:36:48.149Z"}
{"env":"development","level":"info","message":"Message received","partition":2,"service":"payment-service","timestamp":"2026-04-17T20:36:48.153Z","topic":"payment-retry"}
{"amount":9900,"email":"svpsatish5@gmail.com","env":"development","eventId":"340fe364-c203-41b6-8696-dcc508a010b5","level":"info","message":"Payment success","orderId":3,"retryCount":1,"service":"payment-service","status":"PENDING","timestamp":"2026-04-17T20:36:48.156Z","userId":1}
{"env":"development","level":"info","message":"Message received","partition":2,"service":"payment-service","timestamp":"2026-04-17T20:36:48.157Z","topic":"payment-retry"}
{"env":"development","error":"Payment failed","level":"error","message":"Payment failed","retryCount":1,"service":"payment-service","timestamp":"2026-04-17T20:36:48.157Z"}
{"env":"development","level":"info","message":"Message received","partition":0,"service":"payment-service","timestamp":"2026-04-17T20:36:48.164Z","topic":"payment-retry"}
{"env":"development","error":"Payment failed","level":"error","message":"Payment failed","retryCount":1,"service":"payment-service","timestamp":"2026-04-17T20:36:48.165Z"}
{"env":"development","level":"info","message":"Message received","partition":1,"service":"payment-service","timestamp":"2026-04-17T20:36:48.173Z","topic":"payment-retry"}
{"env":"development","error":"Payment failed","level":"error","message":"Payment failed","retryCount":1,"service":"payment-service","timestamp":"2026-04-17T20:36:48.173Z"}
{"env":"development","level":"info","message":"Message received","partition":1,"service":"payment-service","timestamp":"2026-04-17T20:36:48.176Z","topic":"payment-retry"}
{"amount":9900,"email":"svpsatish5@gmail.com","env":"development","eventId":"eaba9314-eacc-4e36-9145-da40760a2b1c","level":"info","message":"Payment success","orderId":4,"retryCount":2,"service":"payment-service","status":"PENDING","timestamp":"2026-04-17T20:36:48.178Z","userId":1}
{"env":"development","level":"info","message":"Message received","partition":0,"service":"payment-service","timestamp":"2026-04-17T20:36:48.180Z","topic":"payment-retry"}
{"env":"development","error":"Payment failed","level":"error","message":"Payment failed","retryCount":2,"service":"payment-service","timestamp":"2026-04-17T20:36:48.180Z"}
{"env":"development","level":"info","message":"Message received","partition":2,"service":"payment-service","timestamp":"2026-04-17T20:36:48.182Z","topic":"payment-retry"}
{"env":"development","error":"Payment failed","level":"error","message":"Payment failed","retryCount":2,"service":"payment-service","timestamp":"2026-04-17T20:36:48.183Z"}
{"env":"development","level":"info","message":"Message received","partition":2,"service":"payment-service","timestamp":"2026-04-17T20:36:48.183Z","topic":"payment-retry"}
{"env":"development","error":"Payment failed","level":"error","message":"Payment failed","retryCount":2,"service":"payment-service","timestamp":"2026-04-17T20:36:48.183Z"}
{"env":"development","level":"info","message":"Message received","partition":2,"service":"payment-service","timestamp":"2026-04-17T20:36:48.187Z","topic":"payment-retry"}
{"amount":9900,"email":"svpsatish5@gmail.com","env":"development","eventId":"450f9827-e064-4386-bad7-b67699257f09","level":"info","message":"Payment success","orderId":2,"retryCount":3,"service":"payment-service","status":"PENDING","timestamp":"2026-04-17T20:36:48.187Z","userId":1}
{"env":"development","level":"info","message":"Message received","partition":2,"service":"payment-service","timestamp":"2026-04-17T20:36:48.188Z","topic":"payment-retry"}
{"amount":9900,"email":"svpsatish5@gmail.com","env":"development","eventId":"0f058a09-ad9d-458c-aa95-8bfab962a63d","level":"info","message":"Payment success","orderId":2,"retryCount":3,"service":"payment-service","status":"PENDING","timestamp":"2026-04-17T20:36:48.189Z","userId":1}
{"env":"development","level":"info","message":"Message received","partition":0,"service":"payment-service","timestamp":"2026-04-17T20:36:48.190Z","topic":"payment-retry"}
{"env":"development","error":"Payment failed","level":"error","message":"Payment failed","retryCount":3,"service":"payment-service","timestamp":"2026-04-17T20:36:48.190Z"}
{"amount":9900,"email":"svpsatish5@gmail.com","env":"development","eventId":"3b44c254-ad10-4d68-bd92-08962037be60","level":"error","message":"Moved to DLQ","orderId":1,"retryCount":3,"service":"payment-service","status":"PENDING","timestamp":"2026-04-17T20:36:48.193Z","userId":1}
{"env":"development","level":"info","message":"Message received","partition":2,"service":"payment-service","timestamp":"2026-04-17T20:36:48.430Z","topic":"order-created"}
{"env":"development","error":"Payment failed","level":"error","message":"Payment failed","retryCount":0,"service":"payment-service","timestamp":"2026-04-17T20:36:48.431Z"}
{"env":"development","level":"info","message":"Message received","partition":2,"service":"payment-service","timestamp":"2026-04-17T20:36:48.436Z","topic":"payment-retry"}
{"amount":9900,"email":"svpsatish5@gmail.com","env":"development","eventId":"66aee6cc-4c69-4492-8292-f09f9642121e","level":"info","message":"Payment success","orderId":3,"retryCount":1,"service":"payment-service","status":"PENDING","timestamp":"2026-04-17T20:36:48.439Z","userId":1}
