{"env":"development","level":"error","message":"Payment unsuccess Payment failed","service":"payment-service","stack":"Error: Payment failed\n    at processPayment (/Users/poonampawar/Desktop/2026 project/microservices/payment-service/src/workers/payment.worker.js:9:11)\n    at processBatch (/Users/poonampawar/Desktop/2026 project/microservices/payment-service/src/workers/payment.worker.js:21:13)\n    at Timeout._onTimeout (/Users/poonampawar/Desktop/2026 project/microservices/payment-service/src/workers/payment.worker.js:38:11)\n    at listOnTimeout (node:internal/timers:588:17)\n    at process.processTimers (node:internal/timers:523:7)","timestamp":"2026-04-17T19:34:19.826Z"}
{"env":"development","level":"error","message":"Payment unsuccess Payment failed","service":"payment-service","stack":"Error: Payment failed\n    at processPayment (/Users/poonampawar/Desktop/2026 project/microservices/payment-service/src/workers/payment.worker.js:9:11)\n    at processBatch (/Users/poonampawar/Desktop/2026 project/microservices/payment-service/src/workers/payment.worker.js:21:13)\n    at Timeout._onTimeout (/Users/poonampawar/Desktop/2026 project/microservices/payment-service/src/workers/payment.worker.js:38:11)\n    at listOnTimeout (node:internal/timers:588:17)\n    at process.processTimers (node:internal/timers:523:7)","timestamp":"2026-04-17T19:34:48.852Z"}
{"env":"development","level":"error","message":"Payment unsuccess Payment failed","service":"payment-service","stack":"Error: Payment failed\n    at processPayment (/Users/poonampawar/Desktop/2026 project/microservices/payment-service/src/workers/payment.worker.js:9:11)\n    at processBatch (/Users/poonampawar/Desktop/2026 project/microservices/payment-service/src/workers/payment.worker.js:21:13)\n    at Timeout._onTimeout (/Users/poonampawar/Desktop/2026 project/microservices/payment-service/src/workers/payment.worker.js:38:11)\n    at listOnTimeout (node:internal/timers:588:17)\n    at process.processTimers (node:internal/timers:523:7)","timestamp":"2026-04-17T20:20:59.567Z"}
{"env":"development","level":"error","message":"Payment unsuccess Payment failed","service":"payment-service","stack":"Error: Payment failed\n    at processPayment (/Users/poonampawar/Desktop/2026 project/microservices/payment-service/src/workers/payment.worker.js:9:11)\n    at processBatch (/Users/poonampawar/Desktop/2026 project/microservices/payment-service/src/workers/payment.worker.js:21:13)\n    at Timeout._onTimeout (/Users/poonampawar/Desktop/2026 project/microservices/payment-service/src/workers/payment.worker.js:38:11)\n    at listOnTimeout (node:internal/timers:588:17)\n    at process.processTimers (node:internal/timers:523:7)","timestamp":"2026-04-17T20:21:06.561Z"}
{"env":"development","level":"error","message":"Payment unsuccess Payment failed","service":"payment-service","stack":"Error: Payment failed\n    at processPayment (/Users/poonampawar/Desktop/2026 project/microservices/payment-service/src/workers/payment.worker.js:9:11)\n    at processBatch (/Users/poonampawar/Desktop/2026 project/microservices/payment-service/src/workers/payment.worker.js:21:13)\n    at Timeout._onTimeout (/Users/poonampawar/Desktop/2026 project/microservices/payment-service/src/workers/payment.worker.js:38:11)\n    at listOnTimeout (node:internal/timers:588:17)\n    at process.processTimers (node:internal/timers:523:7)","timestamp":"2026-04-17T20:24:11.584Z"}
{"env":"development","level":"error","message":"Payment unsuccess Payment failed","service":"payment-service","stack":"Error: Payment failed\n    at processPayment (/Users/poonampawar/Desktop/2026 project/microservices/payment-service/src/workers/payment.worker.js:9:11)\n    at processBatch (/Users/poonampawar/Desktop/2026 project/microservices/payment-service/src/workers/payment.worker.js:21:13)\n    at Timeout._onTimeout (/Users/poonampawar/Desktop/2026 project/microservices/payment-service/src/workers/payment.worker.js:38:11)\n    at listOnTimeout (node:internal/timers:588:17)\n    at process.processTimers (node:internal/timers:523:7)","timestamp":"2026-04-17T20:24:12.583Z"}
{"env":"development","level":"error","message":"Payment unsuccess Payment failed","service":"payment-service","stack":"Error: Payment failed\n    at processPayment (/Users/poonampawar/Desktop/2026 project/microservices/payment-service/src/workers/payment.worker.js:9:11)\n    at processBatch (/Users/poonampawar/Desktop/2026 project/microservices/payment-service/src/workers/payment.worker.js:21:13)\n    at Timeout._onTimeout (/Users/poonampawar/Desktop/2026 project/microservices/payment-service/src/workers/payment.worker.js:38:11)\n    at listOnTimeout (node:internal/timers:588:17)\n    at process.processTimers (node:internal/timers:523:7)","timestamp":"2026-04-17T20:24:13.600Z"}
{"env":"development","level":"error","message":"Payment unsuccess Payment failed","service":"payment-service","stack":"Error: Payment failed\n    at processPayment (/Users/poonampawar/Desktop/2026 project/microservices/payment-service/src/workers/payment.worker.js:9:11)\n    at processBatch (/Users/poonampawar/Desktop/2026 project/microservices/payment-service/src/workers/payment.worker.js:21:13)\n    at Timeout._onTimeout (/Users/poonampawar/Desktop/2026 project/microservices/payment-service/src/workers/payment.worker.js:38:11)\n    at listOnTimeout (node:internal/timers:588:17)\n    at process.processTimers (node:internal/timers:523:7)","timestamp":"2026-04-17T20:24:14.585Z"}
{"env":"development","level":"error","message":"Payment unsuccess Payment failed","service":"payment-service","stack":"Error: Payment failed\n    at processPayment (/Users/poonampawar/Desktop/2026 project/microservices/payment-service/src/workers/payment.worker.js:9:11)\n    at processBatch (/Users/poonampawar/Desktop/2026 project/microservices/payment-service/src/workers/payment.worker.js:21:13)\n    at Timeout._onTimeout (/Users/poonampawar/Desktop/2026 project/microservices/payment-service/src/workers/payment.worker.js:38:11)\n    at listOnTimeout (node:internal/timers:588:17)\n    at process.processTimers (node:internal/timers:523:7)","timestamp":"2026-04-17T20:24:15.585Z"}
{"env":"development","level":"error","message":"Payment unsuccess Payment failed","service":"payment-service","stack":"Error: Payment failed\n    at processPayment (/Users/poonampawar/Desktop/2026 project/microservices/payment-service/src/workers/payment.worker.js:9:11)\n    at processBatch (/Users/poonampawar/Desktop/2026 project/microservices/payment-service/src/workers/payment.worker.js:21:13)\n    at Timeout._onTimeout (/Users/poonampawar/Desktop/2026 project/microservices/payment-service/src/workers/payment.worker.js:38:11)\n    at listOnTimeout (node:internal/timers:588:17)\n    at process.processTimers (node:internal/timers:523:7)","timestamp":"2026-04-17T20:24:19.596Z"}
{"env":"development","level":"error","message":"Payment unsuccess Payment failed","service":"payment-service","stack":"Error: Payment failed\n    at processPayment (/Users/poonampawar/Desktop/2026 project/microservices/payment-service/src/workers/payment.worker.js:9:11)\n    at processBatch (/Users/poonampawar/Desktop/2026 project/microservices/payment-service/src/workers/payment.worker.js:21:13)\n    at Timeout._onTimeout (/Users/poonampawar/Desktop/2026 project/microservices/payment-service/src/workers/payment.worker.js:38:11)\n    at listOnTimeout (node:internal/timers:588:17)\n    at process.processTimers (node:internal/timers:523:7)","timestamp":"2026-04-17T20:24:27.587Z"}
{"env":"development","level":"error","message":"Payment unsuccess Payment failed","service":"payment-service","stack":"Error: Payment failed\n    at processPayment (/Users/poonampawar/Desktop/2026 project/microservices/payment-service/src/workers/payment.worker.js:9:11)\n    at processBatch (/Users/poonampawar/Desktop/2026 project/microservices/payment-service/src/workers/payment.worker.js:21:13)\n    at process.processTicksAndRejections (node:internal/process/task_queues:105:5)\n    at async Timeout._onTimeout (/Users/poonampawar/Desktop/2026 project/microservices/payment-service/src/workers/payment.worker.js:38:5)","timestamp":"2026-04-17T20:24:29.639Z"}
{"env":"development","level":"error","message":"Failed to start Kafka consumer runPaymentConsumer is not defined","service":"payment-service","stack":"ReferenceError: runPaymentConsumer is not defined\n    at Server.<anonymous> (/Users/poonampawar/Desktop/2026 project/microservices/payment-service/src/app.js:31:5)\n    at Server.f (/Users/poonampawar/Desktop/2026 project/microservices/payment-service/node_modules/once/once.js:25:25)\n    at Object.onceWrapper (node:events:633:28)\n    at Server.emit (node:events:531:35)\n    at emitListeningNT (node:net:1983:10)\n    at process.processTicksAndRejections (node:internal/process/task_queues:89:21)","timestamp":"2026-04-17T20:31:09.425Z"}
{"env":"development","error":"Payment failed","level":"error","message":"Payment failed","retryCount":0,"service":"payment-service","timestamp":"2026-04-17T20:34:48.750Z"}
{"env":"development","error":"Payment failed","level":"error","message":"Payment failed","retryCount":0,"service":"payment-service","timestamp":"2026-04-17T20:34:48.762Z"}
{"env":"development","error":"Payment failed","level":"error","message":"Payment failed","retryCount":0,"service":"payment-service","timestamp":"2026-04-17T20:34:48.764Z"}
{"env":"development","error":"Payment failed","level":"error","message":"Payment failed","retryCount":0,"service":"payment-service","timestamp":"2026-04-17T20:34:48.772Z"}
{"env":"development","error":"Payment failed","level":"error","message":"Payment failed","retryCount":1,"service":"payment-service","timestamp":"2026-04-17T20:34:51.784Z"}
{"env":"development","error":"Payment failed","level":"error","message":"Payment failed","retryCount":1,"service":"payment-service","timestamp":"2026-04-17T20:34:51.789Z"}
{"env":"development","error":"Payment failed","level":"error","message":"Payment failed","retryCount":1,"service":"payment-service","timestamp":"2026-04-17T20:34:51.794Z"}
{"env":"development","error":"Payment failed","level":"error","message":"Payment failed","retryCount":2,"service":"payment-service","timestamp":"2026-04-17T20:34:51.804Z"}
{"env":"development","error":"Payment failed","level":"error","message":"Payment failed","retryCount":2,"service":"payment-service","timestamp":"2026-04-17T20:34:51.807Z"}
{"env":"development","error":"Payment failed","level":"error","message":"Payment failed","retryCount":2,"service":"payment-service","timestamp":"2026-04-17T20:34:51.821Z"}
{"env":"development","error":"Payment failed","level":"error","message":"Payment failed","retryCount":3,"service":"payment-service","timestamp":"2026-04-17T20:34:51.829Z"}
{"amount":9900,"email":"svpsatish5@gmail.com","env":"development","eventId":"61dbf95f-5053-42f0-9956-27768bbd813e","level":"error","message":"Moved to DLQ","orderId":60,"retryCount":3,"service":"payment-service","status":"PENDING","timestamp":"2026-04-17T20:34:51.837Z","userId":1}
{"env":"development","error":"Payment failed","level":"error","message":"Payment failed","retryCount":3,"service":"payment-service","timestamp":"2026-04-17T20:34:51.838Z"}
{"amount":9900,"email":"svpsatish5@gmail.com","env":"development","eventId":"3559b116-6563-4efa-99e7-5b9a39e3fd7a","level":"error","message":"Moved to DLQ","orderId":61,"retryCount":3,"service":"payment-service","status":"PENDING","timestamp":"2026-04-17T20:34:51.841Z","userId":1}
{"env":"development","error":"Payment failed","level":"error","message":"Payment failed","retryCount":3,"service":"payment-service","timestamp":"2026-04-17T20:34:51.841Z"}
{"amount":9900,"email":"svpsatish5@gmail.com","env":"development","eventId":"3f4950ee-5fd7-493c-96ae-cd637e6a0712","level":"error","message":"Moved to DLQ","orderId":63,"retryCount":3,"service":"payment-service","status":"PENDING","timestamp":"2026-04-17T20:34:51.843Z","userId":1}
{"env":"development","error":"Payment failed","level":"error","message":"Payment failed","retryCount":0,"service":"payment-service","timestamp":"2026-04-17T20:35:40.326Z"}
{"env":"development","error":"Payment failed","level":"error","message":"Payment failed","retryCount":1,"service":"payment-service","timestamp":"2026-04-17T20:35:40.332Z"}
{"env":"development","error":"Payment failed","level":"error","message":"Payment failed","retryCount":2,"service":"payment-service","timestamp":"2026-04-17T20:35:40.345Z"}
{"env":"development","error":"Payment failed","level":"error","message":"Payment failed","retryCount":3,"service":"payment-service","timestamp":"2026-04-17T20:35:40.352Z"}
{"amount":9900,"email":"svpsatish5@gmail.com","env":"development","eventId":"fc3f8f01-0da5-4b38-9b20-1b31e3296edf","level":"error","message":"Moved to DLQ","orderId":1,"retryCount":3,"service":"payment-service","status":"PENDING","timestamp":"2026-04-17T20:35:40.353Z","userId":1}
{"env":"development","error":"Payment failed","level":"error","message":"Payment failed","retryCount":0,"service":"payment-service","timestamp":"2026-04-17T20:35:41.734Z"}
{"env":"development","error":"Payment failed","level":"error","message":"Payment failed","retryCount":1,"service":"payment-service","timestamp":"2026-04-17T20:35:41.741Z"}
{"env":"development","error":"Payment failed","level":"error","message":"Payment failed","retryCount":2,"service":"payment-service","timestamp":"2026-04-17T20:35:41.747Z"}
{"env":"development","error":"Payment failed","level":"error","message":"Payment failed","retryCount":3,"service":"payment-service","timestamp":"2026-04-17T20:35:41.751Z"}
{"amount":9900,"email":"svpsatish5@gmail.com","env":"development","eventId":"1215ac03-e1b3-4450-b06f-8a3069966d77","level":"error","message":"Moved to DLQ","orderId":2,"retryCount":3,"service":"payment-service","status":"PENDING","timestamp":"2026-04-17T20:35:41.752Z","userId":1}
{"env":"development","error":"Payment failed","level":"error","message":"Payment failed","retryCount":0,"service":"payment-service","timestamp":"2026-04-17T20:35:42.215Z"}
{"env":"development","error":"Payment failed","level":"error","message":"Payment failed","retryCount":1,"service":"payment-service","timestamp":"2026-04-17T20:35:42.221Z"}
{"env":"development","error":"Payment failed","level":"error","message":"Payment failed","retryCount":2,"service":"payment-service","timestamp":"2026-04-17T20:35:42.230Z"}
{"env":"development","error":"Payment failed","level":"error","message":"Payment failed","retryCount":3,"service":"payment-service","timestamp":"2026-04-17T20:35:42.238Z"}
{"amount":9900,"email":"svpsatish5@gmail.com","env":"development","eventId":"6d064d55-a73a-49c9-940a-aed69c0a5f02","level":"error","message":"Moved to DLQ","orderId":3,"retryCount":3,"service":"payment-service","status":"PENDING","timestamp":"2026-04-17T20:35:42.241Z","userId":1}
{"env":"development","error":"Payment failed","level":"error","message":"Payment failed","retryCount":0,"service":"payment-service","timestamp":"2026-04-17T20:35:43.411Z"}
{"env":"development","error":"Payment failed","level":"error","message":"Payment failed","retryCount":1,"service":"payment-service","timestamp":"2026-04-17T20:35:43.415Z"}
{"env":"development","error":"Payment failed","level":"error","message":"Payment failed","retryCount":2,"service":"payment-service","timestamp":"2026-04-17T20:35:43.423Z"}
{"env":"development","error":"Payment failed","level":"error","message":"Payment failed","retryCount":3,"service":"payment-service","timestamp":"2026-04-17T20:35:43.431Z"}
{"amount":9900,"email":"svpsatish5@gmail.com","env":"development","eventId":"96edb7e4-6f69-4e66-bf3a-1bfdcebd56cf","level":"error","message":"Moved to DLQ","orderId":4,"retryCount":3,"service":"payment-service","status":"PENDING","timestamp":"2026-04-17T20:35:43.436Z","userId":1}
{"env":"development","error":"Payment failed","level":"error","message":"Payment failed","retryCount":0,"service":"payment-service","timestamp":"2026-04-17T20:35:44.619Z"}
{"env":"development","error":"Payment failed","level":"error","message":"Payment failed","retryCount":1,"service":"payment-service","timestamp":"2026-04-17T20:35:44.646Z"}
{"env":"development","error":"Payment failed","level":"error","message":"Payment failed","retryCount":2,"service":"payment-service","timestamp":"2026-04-17T20:35:44.654Z"}
{"env":"development","error":"Payment failed","level":"error","message":"Payment failed","retryCount":3,"service":"payment-service","timestamp":"2026-04-17T20:35:44.662Z"}
{"amount":9900,"email":"svpsatish5@gmail.com","env":"development","eventId":"876f9f36-69bd-4558-b75c-7d0934bb59c2","level":"error","message":"Moved to DLQ","orderId":5,"retryCount":3,"service":"payment-service","status":"PENDING","timestamp":"2026-04-17T20:35:44.664Z","userId":1}
{"env":"development","error":"Payment failed","level":"error","message":"Payment failed","retryCount":0,"service":"payment-service","timestamp":"2026-04-17T20:36:45.111Z"}
{"env":"development","error":"Payment failed","level":"error","message":"Payment failed","retryCount":0,"service":"payment-service","timestamp":"2026-04-17T20:36:45.184Z"}
{"env":"development","error":"Payment failed","level":"error","message":"Payment failed","retryCount":0,"service":"payment-service","timestamp":"2026-04-17T20:36:45.204Z"}
{"env":"development","error":"Payment failed","level":"error","message":"Payment failed","retryCount":0,"service":"payment-service","timestamp":"2026-04-17T20:36:46.431Z"}
{"env":"development","error":"Payment failed","level":"error","message":"Payment failed","retryCount":0,"service":"payment-service","timestamp":"2026-04-17T20:36:47.719Z"}
{"env":"development","error":"Payment failed","level":"error","message":"Payment failed","retryCount":1,"service":"payment-service","timestamp":"2026-04-17T20:36:48.149Z"}
{"env":"development","error":"Payment failed","level":"error","message":"Payment failed","retryCount":1,"service":"payment-service","timestamp":"2026-04-17T20:36:48.157Z"}
{"env":"development","error":"Payment failed","level":"error","message":"Payment failed","retryCount":1,"service":"payment-service","timestamp":"2026-04-17T20:36:48.165Z"}
{"env":"development","error":"Payment failed","level":"error","message":"Payment failed","retryCount":1,"service":"payment-service","timestamp":"2026-04-17T20:36:48.173Z"}
{"env":"development","error":"Payment failed","level":"error","message":"Payment failed","retryCount":2,"service":"payment-service","timestamp":"2026-04-17T20:36:48.180Z"}
{"env":"development","error":"Payment failed","level":"error","message":"Payment failed","retryCount":2,"service":"payment-service","timestamp":"2026-04-17T20:36:48.183Z"}
{"env":"development","error":"Payment failed","level":"error","message":"Payment failed","retryCount":2,"service":"payment-service","timestamp":"2026-04-17T20:36:48.183Z"}
{"env":"development","error":"Payment failed","level":"error","message":"Payment failed","retryCount":3,"service":"payment-service","timestamp":"2026-04-17T20:36:48.190Z"}
{"amount":9900,"email":"svpsatish5@gmail.com","env":"development","eventId":"3b44c254-ad10-4d68-bd92-08962037be60","level":"error","message":"Moved to DLQ","orderId":1,"retryCount":3,"service":"payment-service","status":"PENDING","timestamp":"2026-04-17T20:36:48.193Z","userId":1}
{"env":"development","error":"Payment failed","level":"error","message":"Payment failed","retryCount":0,"service":"payment-service","timestamp":"2026-04-17T20:36:48.431Z"}
