{"env":"development","level":"error","message":"user-service circuit OPEN","service":"auth-service","timestamp":"2026-04-15T18:50:54.524Z"}
{"env":"development","error":"Request failed with status code 404","level":"error","message":"user-service failed","service":"auth-service","timestamp":"2026-04-15T18:50:54.529Z","url":"http://localhost:3002/users"}
{"env":"development","error":{"message":"Request failed with status code 404","service":"user-service","status":404},"level":"warn","message":"User profile creation failed","service":"auth-service","timestamp":"2026-04-15T18:50:54.534Z","userId":1}
{"duration":"237ms","env":"development","level":"info","message":"Incoming Request","method":"POST","service":"auth-service","status":201,"timestamp":"2026-04-15T18:50:54.538Z","url":"/register"}
{"env":"development","level":"warn","message":"user-service circuit HALF-OPEN","service":"auth-service","timestamp":"2026-04-15T18:51:04.525Z"}
{"env":"development","level":"info","message":"Received SIGINT. Starting graceful shutdown...","service":"auth-service","timestamp":"2026-04-15T19:26:24.437Z"}
{"env":"development","level":"info","message":"DB connected","service":"auth-service","timestamp":"2026-04-15T19:26:27.982Z"}
{"env":"development","level":"info","message":"user-service success","service":"auth-service","timestamp":"2026-04-15T19:26:44.562Z","url":"http://localhost:3002"}
{"env":"development","error":"result is not defined","level":"error","message":"user-service failed","service":"auth-service","timestamp":"2026-04-15T19:26:44.563Z","url":"http://localhost:3002"}
{"env":"development","error":{"message":"result is not defined","service":"user-service","status":500},"level":"warn","message":"User profile creation failed","service":"auth-service","timestamp":"2026-04-15T19:26:44.564Z","userId":2}
{"duration":"895ms","env":"development","level":"info","message":"Incoming Request","method":"POST","service":"auth-service","status":201,"timestamp":"2026-04-15T19:26:44.567Z","url":"/register"}
{"env":"development","level":"info","message":"Received SIGINT. Starting graceful shutdown...","service":"auth-service","timestamp":"2026-04-15T19:28:38.830Z"}
{"env":"development","level":"info","message":"DB connected","service":"auth-service","timestamp":"2026-04-15T19:28:41.615Z"}
{"env":"development","level":"error","message":"Validation error","method":"POST","service":"auth-service","stack":"Error\n    at Query.run (/Users/poonampawar/Desktop/2026 project/microservices/auth-service/node_modules/sequelize/lib/dialects/mysql/query.js:52:25)\n    at /Users/poonampawar/Desktop/2026 project/microservices/auth-service/node_modules/sequelize/lib/sequelize.js:315:28\n    at async MySQLQueryInterface.insert (/Users/poonampawar/Desktop/2026 project/microservices/auth-service/node_modules/sequelize/lib/dialects/abstract/query-interface.js:308:21)\n    at async model.save (/Users/poonampawar/Desktop/2026 project/microservices/auth-service/node_modules/sequelize/lib/model.js:2490:35)\n    at async User.create (/Users/poonampawar/Desktop/2026 project/microservices/auth-service/node_modules/sequelize/lib/model.js:1362:12)\n    at async exports.register (/Users/poonampawar/Desktop/2026 project/microservices/auth-service/src/services/auth.service.js:12:16)\n    at async /Users/poonampawar/Desktop/2026 project/microservices/auth-service/src/controllers/auth.controller.js:5:18","timestamp":"2026-04-15T19:28:51.407Z","url":"/register"}
{"duration":"187ms","env":"development","level":"info","message":"Incoming Request","method":"POST","service":"auth-service","status":400,"timestamp":"2026-04-15T19:28:51.411Z","url":"/register"}
{"env":"development","level":"info","message":"user-service success","service":"auth-service","timestamp":"2026-04-15T19:29:29.079Z","url":"http://localhost:3002"}
{"duration":"195ms","env":"development","level":"info","message":"Incoming Request","method":"POST","service":"auth-service","status":201,"timestamp":"2026-04-15T19:29:29.080Z","url":"/register"}
{"env":"development","level":"info","message":"Received SIGINT. Starting graceful shutdown...","service":"auth-service","timestamp":"2026-04-15T19:39:06.581Z"}
{"env":"development","level":"info","message":"DB connected","service":"auth-service","timestamp":"2026-04-15T19:39:09.187Z"}
{"env":"development","level":"info","message":"Received SIGINT. Starting graceful shutdown...","service":"auth-service","timestamp":"2026-04-15T19:39:34.140Z"}
{"env":"development","level":"info","message":"DB connected","service":"auth-service","timestamp":"2026-04-15T19:39:36.073Z"}
{"duration":"172ms","env":"development","level":"info","message":"Incoming Request","method":"POST","service":"auth-service","status":200,"timestamp":"2026-04-15T19:40:41.157Z","url":"/login"}
{"env":"development","level":"info","message":"Received SIGINT. Starting graceful shutdown...","service":"auth-service","timestamp":"2026-04-15T19:49:37.763Z"}
{"env":"development","level":"info","message":"DB connected","service":"auth-service","timestamp":"2026-04-15T19:49:40.194Z"}
{"env":"development","level":"info","message":"Received SIGINT. Starting graceful shutdown...","service":"auth-service","timestamp":"2026-04-15T20:08:45.221Z"}
{"env":"development","level":"info","message":"DB connected","service":"auth-service","timestamp":"2026-04-15T20:08:48.657Z"}
{"env":"development","level":"info","message":"Received SIGINT. Starting graceful shutdown...","service":"auth-service","timestamp":"2026-04-15T20:10:07.306Z"}
{"env":"development","level":"info","message":"DB connected","service":"auth-service","timestamp":"2026-04-15T20:10:10.091Z"}
{"env":"development","level":"info","message":"user-service success","service":"auth-service","timestamp":"2026-04-15T20:10:38.885Z","url":"http://localhost:3002/users"}
{"duration":"224ms","env":"development","level":"info","message":"Incoming Request","method":"POST","service":"auth-service","status":201,"timestamp":"2026-04-15T20:10:38.887Z","url":"/register"}
{"env":"development","level":"info","message":"Received SIGINT. Starting graceful shutdown...","service":"auth-service","timestamp":"2026-04-15T20:19:52.866Z"}
{"env":"development","level":"info","message":"DB connected","service":"auth-service","timestamp":"2026-04-15T20:19:55.672Z"}
{"env":"development","level":"info","message":"user-service success","service":"auth-service","timestamp":"2026-04-15T20:20:56.421Z","url":"http://localhost:3002/users"}
{"duration":"251ms","env":"development","level":"info","message":"Incoming Request","method":"POST","service":"auth-service","status":201,"timestamp":"2026-04-15T20:20:56.423Z","url":"/register"}
{"duration":"256ms","env":"development","level":"info","message":"Incoming Request","method":"POST","service":"auth-service","status":200,"timestamp":"2026-04-16T18:26:14.257Z","url":"/login"}
{"duration":"145ms","env":"development","level":"info","message":"Incoming Request","method":"POST","service":"auth-service","status":200,"timestamp":"2026-04-17T17:24:22.764Z","url":"/login"}
{"duration":"144ms","env":"development","level":"info","message":"Incoming Request","method":"POST","service":"auth-service","status":200,"timestamp":"2026-04-17T19:28:22.701Z","url":"/login"}
{"duration":"111ms","env":"development","level":"info","message":"Incoming Request","method":"POST","service":"auth-service","status":200,"timestamp":"2026-04-17T19:29:06.383Z","url":"/login"}
{"duration":"179ms","env":"development","level":"info","message":"Incoming Request","method":"POST","service":"auth-service","status":200,"timestamp":"2026-04-17T20:31:52.162Z","url":"/login"}
{"duration":"112ms","env":"development","level":"info","message":"Incoming Request","method":"POST","service":"auth-service","status":200,"timestamp":"2026-04-17T20:32:28.336Z","url":"/login"}
