{"env":"development","level":"info","message":"Starting Notification Service...","service":"unknown-service","timestamp":"2026-04-17T19:16:11.028Z"}
{"env":"development","level":"info","message":"Notification Service running on 3005","service":"unknown-service","timestamp":"2026-04-17T19:16:11.031Z"}
{"env":"development","level":"info","message":"Notification consumer started","service":"unknown-service","timestamp":"2026-04-17T19:16:17.195Z"}
{"env":"development","level":"info","message":"Received SIGINT. Starting graceful shutdown...","service":"unknown-service","timestamp":"2026-04-17T19:27:19.325Z"}
{"env":"development","level":"info","message":"Starting Notification Service...","service":"unknown-service","timestamp":"2026-04-17T19:27:20.945Z"}
{"env":"development","level":"info","message":"Notification Service running on 3005","service":"unknown-service","timestamp":"2026-04-17T19:27:20.948Z"}
{"env":"development","level":"info","message":"Notification consumer started","service":"unknown-service","timestamp":"2026-04-17T19:27:49.847Z"}
{"env":"development","level":"info","message":"Message received","partition":1,"service":"unknown-service","timestamp":"2026-04-17T19:29:25.917Z","topic":"payment-success"}
{"env":"development","error":"No recipients defined","level":"error","message":"Email failed","orderId":35,"retryCount":0,"service":"unknown-service","timestamp":"2026-04-17T19:29:27.155Z"}
{"env":"development","level":"warn","message":"Retry after 5000 ms","orderId":35,"service":"unknown-service","timestamp":"2026-04-17T19:29:27.156Z"}
{"env":"development","level":"info","message":"Kafka Producer connected","service":"unknown-service","timestamp":"2026-04-17T19:29:32.173Z"}
{"env":"development","level":"info","message":"Message received","partition":0,"service":"unknown-service","timestamp":"2026-04-17T19:29:32.213Z","topic":"notification-retry"}
{"env":"development","error":"No recipients defined","level":"error","message":"Email failed","orderId":35,"retryCount":1,"service":"unknown-service","timestamp":"2026-04-17T19:29:33.429Z"}
{"env":"development","level":"warn","message":"Retry after 10000 ms","orderId":35,"service":"unknown-service","timestamp":"2026-04-17T19:29:33.429Z"}
{"env":"development","level":"info","message":"Message received","partition":0,"service":"unknown-service","timestamp":"2026-04-17T19:29:43.465Z","topic":"notification-retry"}
{"env":"development","error":"No recipients defined","level":"error","message":"Email failed","orderId":35,"retryCount":2,"service":"unknown-service","timestamp":"2026-04-17T19:29:44.779Z"}
{"env":"development","level":"warn","message":"Retry after 20000 ms","orderId":35,"service":"unknown-service","timestamp":"2026-04-17T19:29:44.779Z"}
{"env":"development","level":"info","message":"Message received","partition":0,"service":"unknown-service","timestamp":"2026-04-17T19:30:04.801Z","topic":"notification-retry"}
{"env":"development","error":"No recipients defined","level":"error","message":"Email failed","orderId":35,"retryCount":3,"service":"unknown-service","timestamp":"2026-04-17T19:30:05.649Z"}
{"env":"development","level":"error","message":"Moved to DLQ","orderId":35,"service":"unknown-service","timestamp":"2026-04-17T19:30:05.668Z"}
{"env":"development","level":"info","message":"Received SIGINT. Starting graceful shutdown...","service":"unknown-service","timestamp":"2026-04-17T19:32:29.045Z"}
{"env":"development","level":"info","message":"Starting Notification Service...","service":"unknown-service","timestamp":"2026-04-17T19:32:31.810Z"}
{"env":"development","level":"info","message":"Notification Service running on 3005","service":"unknown-service","timestamp":"2026-04-17T19:32:31.813Z"}
{"env":"development","level":"info","message":"Notification consumer started","service":"unknown-service","timestamp":"2026-04-17T19:33:00.634Z"}
{"env":"development","level":"info","message":"Message received","partition":0,"service":"unknown-service","timestamp":"2026-04-17T19:34:48.137Z","topic":"payment-success"}
{"email":"svpsatish5@gmail.com","env":"development","level":"info","message":"Email sent","orderId":37,"service":"unknown-service","timestamp":"2026-04-17T19:34:51.587Z"}
{"env":"development","level":"info","message":"Message received","partition":1,"service":"unknown-service","timestamp":"2026-04-17T20:24:17.626Z","topic":"payment-success"}
{"email":"svpsatish5@gmail.com","env":"development","level":"info","message":"Email sent","orderId":46,"service":"unknown-service","timestamp":"2026-04-17T20:24:21.042Z"}
{"env":"development","level":"info","message":"Message received","partition":0,"service":"unknown-service","timestamp":"2026-04-17T20:24:21.161Z","topic":"payment-success"}
{"email":"svpsatish5@gmail.com","env":"development","level":"info","message":"Email sent","orderId":47,"service":"unknown-service","timestamp":"2026-04-17T20:24:23.630Z"}
{"env":"development","level":"info","message":"Message received","partition":0,"service":"unknown-service","timestamp":"2026-04-17T20:24:23.631Z","topic":"payment-success"}
{"email":"svpsatish5@gmail.com","env":"development","level":"info","message":"Email sent","orderId":48,"service":"unknown-service","timestamp":"2026-04-17T20:24:26.057Z"}
{"env":"development","level":"info","message":"Message received","partition":2,"service":"unknown-service","timestamp":"2026-04-17T20:24:26.091Z","topic":"payment-success"}
{"email":"svpsatish5@gmail.com","env":"development","level":"info","message":"Email sent","orderId":50,"service":"unknown-service","timestamp":"2026-04-17T20:24:28.667Z"}
{"env":"development","level":"info","message":"Message received","partition":1,"service":"unknown-service","timestamp":"2026-04-17T20:24:28.686Z","topic":"payment-success"}
{"email":"svpsatish5@gmail.com","env":"development","level":"info","message":"Email sent","orderId":51,"service":"unknown-service","timestamp":"2026-04-17T20:24:31.487Z"}
{"env":"development","level":"info","message":"Message received","partition":1,"service":"unknown-service","timestamp":"2026-04-17T20:24:31.944Z","topic":"payment-success"}
{"email":"svpsatish5@gmail.com","env":"development","level":"info","message":"Email sent","orderId":53,"service":"unknown-service","timestamp":"2026-04-17T20:24:34.480Z"}
{"env":"development","level":"info","message":"Message received","partition":0,"service":"unknown-service","timestamp":"2026-04-17T20:32:46.446Z","topic":"payment-success"}
{"email":"svpsatish5@gmail.com","env":"development","level":"info","message":"Email sent","orderId":55,"service":"unknown-service","timestamp":"2026-04-17T20:32:49.532Z"}
{"env":"development","level":"info","message":"Message received","partition":0,"service":"unknown-service","timestamp":"2026-04-17T20:32:49.819Z","topic":"payment-success"}
{"email":"svpsatish5@gmail.com","env":"development","level":"info","message":"Email sent","orderId":56,"service":"unknown-service","timestamp":"2026-04-17T20:32:52.302Z"}
{"env":"development","level":"info","message":"Message received","partition":2,"service":"unknown-service","timestamp":"2026-04-17T20:32:52.319Z","topic":"payment-success"}
{"email":"svpsatish5@gmail.com","env":"development","level":"info","message":"Email sent","orderId":57,"service":"unknown-service","timestamp":"2026-04-17T20:32:55.166Z"}
{"env":"development","level":"info","message":"Message received","partition":1,"service":"unknown-service","timestamp":"2026-04-17T20:32:55.191Z","topic":"payment-success"}
{"email":"svpsatish5@gmail.com","env":"development","level":"info","message":"Email sent","orderId":58,"service":"unknown-service","timestamp":"2026-04-17T20:32:57.726Z"}
{"env":"development","level":"info","message":"Message received","partition":0,"service":"unknown-service","timestamp":"2026-04-17T20:32:57.774Z","topic":"payment-success"}
{"email":"svpsatish5@gmail.com","env":"development","level":"info","message":"Email sent","orderId":59,"service":"unknown-service","timestamp":"2026-04-17T20:33:00.490Z"}
{"env":"development","level":"info","message":"Message received","partition":0,"service":"unknown-service","timestamp":"2026-04-17T20:36:45.180Z","topic":"payment-success"}
{"email":"svpsatish5@gmail.com","env":"development","level":"info","message":"Email sent","orderId":1,"service":"unknown-service","timestamp":"2026-04-17T20:36:47.739Z"}
{"env":"development","level":"info","message":"Message received","partition":2,"service":"unknown-service","timestamp":"2026-04-17T20:36:48.158Z","topic":"payment-success"}
{"email":"svpsatish5@gmail.com","env":"development","level":"info","message":"Email sent","orderId":3,"service":"unknown-service","timestamp":"2026-04-17T20:36:51.003Z"}
{"env":"development","level":"info","message":"Message received","partition":1,"service":"unknown-service","timestamp":"2026-04-17T20:36:51.023Z","topic":"payment-success"}
{"email":"svpsatish5@gmail.com","env":"development","level":"info","message":"Email sent","orderId":4,"service":"unknown-service","timestamp":"2026-04-17T20:36:53.772Z"}
{"env":"development","level":"info","message":"Message received","partition":2,"service":"unknown-service","timestamp":"2026-04-17T20:36:53.781Z","topic":"payment-success"}
{"email":"svpsatish5@gmail.com","env":"development","level":"info","message":"Email sent","orderId":2,"service":"unknown-service","timestamp":"2026-04-17T20:36:57.224Z"}
{"env":"development","level":"info","message":"Message received","partition":2,"service":"unknown-service","timestamp":"2026-04-17T20:36:57.227Z","topic":"payment-success"}
{"email":"svpsatish5@gmail.com","env":"development","level":"info","message":"Email sent","orderId":2,"service":"unknown-service","timestamp":"2026-04-17T20:37:00.295Z"}
{"env":"development","level":"info","message":"Message received","partition":2,"service":"unknown-service","timestamp":"2026-04-17T20:37:00.298Z","topic":"payment-success"}
{"email":"svpsatish5@gmail.com","env":"development","level":"info","message":"Email sent","orderId":3,"service":"unknown-service","timestamp":"2026-04-17T20:37:03.360Z"}
{"env":"development","level":"info","message":"Message received","partition":1,"service":"unknown-service","timestamp":"2026-04-17T21:37:30.194Z","topic":"payment-success"}
{"env":"development","error":"Invalid login: 535-5.7.8 Username and Password not accepted. For more information, go to\n535 5.7.8  https://support.google.com/mail/?p=BadCredentials 98e67ed59e1d1-3614195a9fbsm3982796a91.11 - gsmtp","level":"error","message":"Email failed","orderId":4,"retryCount":0,"service":"unknown-service","timestamp":"2026-04-17T21:37:32.391Z"}
{"env":"development","level":"warn","message":"Retry after 5000 ms","orderId":4,"service":"unknown-service","timestamp":"2026-04-17T21:37:32.411Z"}
{"env":"development","level":"info","message":"Kafka Producer connected","service":"unknown-service","timestamp":"2026-04-17T21:37:37.558Z"}
{"env":"development","level":"info","message":"Message received","partition":0,"service":"unknown-service","timestamp":"2026-04-17T21:37:37.637Z","topic":"notification-retry"}
{"env":"development","level":"info","message":"Message received","partition":1,"service":"unknown-service","timestamp":"2026-04-17T21:37:37.653Z","topic":"payment-success"}
{"env":"development","error":"Invalid login: 535-5.7.8 Username and Password not accepted. For more information, go to\n535 5.7.8  https://support.google.com/mail/?p=BadCredentials d2e1a72fcca58-82f8ea0a97esm3716926b3a.27 - gsmtp","level":"error","message":"Email failed","orderId":4,"retryCount":1,"service":"unknown-service","timestamp":"2026-04-17T21:37:38.995Z"}
{"env":"development","level":"warn","message":"Retry after 10000 ms","orderId":4,"service":"unknown-service","timestamp":"2026-04-17T21:37:38.998Z"}
{"env":"development","error":"Invalid login: 535-5.7.8 Username and Password not accepted. For more information, go to\n535 5.7.8  https://support.google.com/mail/?p=BadCredentials d2e1a72fcca58-82f8ec05391sm2969246b3a.56 - gsmtp","level":"error","message":"Email failed","orderId":6,"retryCount":2,"service":"unknown-service","timestamp":"2026-04-17T21:37:39.002Z"}
{"env":"development","level":"warn","message":"Retry after 20000 ms","orderId":6,"service":"unknown-service","timestamp":"2026-04-17T21:37:39.003Z"}
{"env":"development","level":"info","message":"Message received","partition":0,"service":"unknown-service","timestamp":"2026-04-17T21:37:49.036Z","topic":"notification-retry"}
{"env":"development","error":"Invalid login: 535-5.7.8 Username and Password not accepted. For more information, go to\n535 5.7.8  https://support.google.com/mail/?p=BadCredentials d9443c01a7336-2b5fab0cdbbsm29154085ad.48 - gsmtp","level":"error","message":"Email failed","orderId":4,"retryCount":2,"service":"unknown-service","timestamp":"2026-04-17T21:37:50.057Z"}
{"env":"development","level":"warn","message":"Retry after 20000 ms","orderId":4,"service":"unknown-service","timestamp":"2026-04-17T21:37:50.057Z"}
{"env":"development","level":"info","message":"Message received","partition":0,"service":"unknown-service","timestamp":"2026-04-17T21:37:59.015Z","topic":"payment-success"}
{"env":"development","error":"Invalid login: 535-5.7.8 Username and Password not accepted. For more information, go to\n535 5.7.8  https://support.google.com/mail/?p=BadCredentials d9443c01a7336-2b5fab20c4fsm37939125ad.59 - gsmtp","level":"error","message":"Email failed","orderId":5,"retryCount":0,"service":"unknown-service","timestamp":"2026-04-17T21:37:59.991Z"}
{"env":"development","level":"warn","message":"Retry after 5000 ms","orderId":5,"service":"unknown-service","timestamp":"2026-04-17T21:37:59.993Z"}
{"env":"development","level":"info","message":"Message received","partition":0,"service":"unknown-service","timestamp":"2026-04-17T21:38:05.007Z","topic":"payment-success"}
{"env":"development","error":"Invalid login: 535-5.7.8 Username and Password not accepted. For more information, go to\n535 5.7.8  https://support.google.com/mail/?p=BadCredentials d9443c01a7336-2b5fab208d4sm31315545ad.55 - gsmtp","level":"error","message":"Email failed","orderId":7,"retryCount":0,"service":"unknown-service","timestamp":"2026-04-17T21:38:06.544Z"}
{"env":"development","level":"warn","message":"Retry after 5000 ms","orderId":7,"service":"unknown-service","timestamp":"2026-04-17T21:38:06.545Z"}
{"env":"development","level":"info","message":"Message received","partition":0,"service":"unknown-service","timestamp":"2026-04-17T21:38:10.081Z","topic":"notification-retry"}
{"env":"development","error":"Invalid login: 535-5.7.8 Username and Password not accepted. For more information, go to\n535 5.7.8  https://support.google.com/mail/?p=BadCredentials d9443c01a7336-2b5faa174c3sm28170375ad.21 - gsmtp","level":"error","message":"Email failed","orderId":6,"retryCount":3,"service":"unknown-service","timestamp":"2026-04-17T21:38:11.479Z"}
{"env":"development","level":"error","message":"Moved to DLQ","orderId":6,"service":"unknown-service","timestamp":"2026-04-17T21:38:11.485Z"}
{"env":"development","level":"info","message":"Message received","partition":0,"service":"unknown-service","timestamp":"2026-04-17T21:38:11.486Z","topic":"notification-retry"}
{"env":"development","level":"info","message":"Message received","partition":0,"service":"unknown-service","timestamp":"2026-04-17T21:38:11.549Z","topic":"payment-success"}
{"env":"development","error":"Invalid login: 535-5.7.8 Username and Password not accepted. For more information, go to\n535 5.7.8  https://support.google.com/mail/?p=BadCredentials d9443c01a7336-2b5fab32cfasm38569175ad.69 - gsmtp","level":"error","message":"Email failed","orderId":5,"retryCount":1,"service":"unknown-service","timestamp":"2026-04-17T21:38:12.820Z"}
{"env":"development","level":"warn","message":"Retry after 10000 ms","orderId":5,"service":"unknown-service","timestamp":"2026-04-17T21:38:12.820Z"}
{"env":"development","error":"Invalid login: 535-5.7.8 Username and Password not accepted. For more information, go to\n535 5.7.8  https://support.google.com/mail/?p=BadCredentials d2e1a72fcca58-82f8ebe6439sm2860269b3a.41 - gsmtp","level":"error","message":"Email failed","orderId":8,"retryCount":1,"service":"unknown-service","timestamp":"2026-04-17T21:38:12.872Z"}
{"env":"development","level":"warn","message":"Retry after 10000 ms","orderId":8,"service":"unknown-service","timestamp":"2026-04-17T21:38:12.872Z"}
{"env":"development","level":"info","message":"Message received","partition":0,"service":"unknown-service","timestamp":"2026-04-17T21:38:22.849Z","topic":"notification-retry"}
{"env":"development","error":"Invalid login: 535-5.7.8 Username and Password not accepted. For more information, go to\n535 5.7.8  https://support.google.com/mail/?p=BadCredentials 98e67ed59e1d1-3613fba1bc9sm1109461a91.10 - gsmtp","level":"error","message":"Email failed","orderId":4,"retryCount":3,"service":"unknown-service","timestamp":"2026-04-17T21:38:24.314Z"}
{"env":"development","level":"error","message":"Moved to DLQ","orderId":4,"service":"unknown-service","timestamp":"2026-04-17T21:38:24.321Z"}
{"env":"development","level":"info","message":"Message received","partition":0,"service":"unknown-service","timestamp":"2026-04-17T21:38:24.337Z","topic":"notification-retry"}
{"env":"development","error":"Invalid login: 535-5.7.8 Username and Password not accepted. For more information, go to\n535 5.7.8  https://support.google.com/mail/?p=BadCredentials d2e1a72fcca58-82f8ec003dcsm2969669b3a.52 - gsmtp","level":"error","message":"Email failed","orderId":7,"retryCount":1,"service":"unknown-service","timestamp":"2026-04-17T21:38:25.730Z"}
{"env":"development","level":"warn","message":"Retry after 10000 ms","orderId":7,"service":"unknown-service","timestamp":"2026-04-17T21:38:25.730Z"}
{"env":"development","level":"info","message":"Received SIGINT. Starting graceful shutdown...","service":"unknown-service","timestamp":"2026-04-17T21:38:29.688Z"}
{"env":"development","level":"info","message":"Starting Notification Service...","service":"notification-service","timestamp":"2026-04-17T21:38:31.869Z"}
{"env":"development","level":"info","message":"Notification Service running on 3005","service":"notification-service","timestamp":"2026-04-17T21:38:31.872Z"}
{"env":"development","level":"info","message":"Message received","partition":1,"service":"notification-service","timestamp":"2026-04-17T21:38:57.993Z","topic":"payment-success"}
{"email":"svpsatish5@gmail.com","env":"development","level":"info","message":"Email sent","orderId":10,"service":"notification-service","timestamp":"2026-04-17T21:39:00.919Z"}
{"env":"development","level":"info","message":"Message received","partition":2,"service":"notification-service","timestamp":"2026-04-17T21:39:00.931Z","topic":"payment-success"}
{"env":"development","level":"info","message":"Notification consumer started","service":"notification-service","timestamp":"2026-04-17T21:39:01.041Z"}
{"env":"development","level":"info","message":"Message received","partition":0,"service":"notification-service","timestamp":"2026-04-17T21:39:01.047Z","topic":"notification-retry"}
{"email":"svpsatish5@gmail.com","env":"development","level":"info","message":"Email sent","orderId":7,"service":"notification-service","timestamp":"2026-04-17T21:39:03.506Z"}
{"env":"development","level":"info","message":"Message received","partition":0,"service":"notification-service","timestamp":"2026-04-17T21:39:03.509Z","topic":"notification-retry"}
{"email":"svpsatish5@gmail.com","env":"development","level":"info","message":"Email sent","orderId":9,"service":"notification-service","timestamp":"2026-04-17T21:39:03.769Z"}
{"env":"development","level":"info","message":"Message received","partition":0,"service":"notification-service","timestamp":"2026-04-17T21:39:03.782Z","topic":"payment-success"}
{"email":"svpsatish5@gmail.com","env":"development","level":"info","message":"Email sent","orderId":5,"service":"notification-service","timestamp":"2026-04-17T21:39:06.353Z"}
{"env":"development","level":"info","message":"Message received","partition":0,"service":"notification-service","timestamp":"2026-04-17T21:39:06.353Z","topic":"notification-retry"}
{"email":"svpsatish5@gmail.com","env":"development","level":"info","message":"Email sent","orderId":11,"service":"notification-service","timestamp":"2026-04-17T21:39:06.694Z"}
{"email":"svpsatish5@gmail.com","env":"development","level":"info","message":"Email sent","orderId":8,"service":"notification-service","timestamp":"2026-04-17T21:39:08.756Z"}
{"env":"development","level":"info","message":"Message received","partition":1,"service":"notification-service","timestamp":"2026-04-17T22:02:36.799Z","topic":"payment-success"}
{"email":"svpsatish5@gmail.com","env":"development","level":"info","message":"Email sent","orderId":12,"service":"notification-service","timestamp":"2026-04-17T22:02:39.635Z"}
{"env":"development","level":"info","message":"Message received","partition":1,"service":"notification-service","timestamp":"2026-04-17T22:02:39.646Z","topic":"payment-success"}
{"email":"svpsatish5@gmail.com","env":"development","level":"info","message":"Email sent","orderId":13,"service":"notification-service","timestamp":"2026-04-17T22:02:42.652Z"}
{"env":"development","level":"info","message":"Received SIGINT. Starting graceful shutdown...","service":"notification-service","timestamp":"2026-04-17T23:40:00.379Z"}
